2026-04-03 23:16:07,385 - INFO - run_name   = FPGA_medium_fpga_stecath
2026-04-03 23:16:07,385 - INFO - run_dir    = /export/tmp/sala/results_fpga/FPGA_medium_fpga_stecath
2026-04-03 23:16:07,385 - INFO - lambdas    = [1.0, 2.0, 5.0, 10.0, 20.0]
2026-04-03 23:16:07,385 - INFO - output_dir = /export/tmp/sala/results_fpga
2026-04-03 23:16:30,094 - INFO - 
======================================================================
2026-04-03 23:16:30,094 - INFO -  PHASE 1 — FP32 Pretraining
2026-04-03 23:16:30,094 - INFO - ======================================================================
2026-04-03 23:16:30,396 - INFO - Modele : medium_fpga — 1,827,392 parametres
2026-04-03 23:20:08,300 - INFO -   Ep  10/100 | SR=22.2431 (best=22.2431) | LR=9.76e-04
2026-04-03 23:23:47,168 - INFO -   Ep  20/100 | SR=22.9070 (best=22.9070) | LR=9.05e-04
2026-04-03 23:27:20,991 - INFO -   Ep  30/100 | SR=23.3269 (best=23.3269) | LR=7.94e-04
2026-04-03 23:31:08,199 - INFO -   Ep  40/100 | SR=23.6524 (best=23.6524) | LR=6.55e-04
2026-04-03 23:34:51,893 - INFO -   Ep  50/100 | SR=23.9308 (best=23.9308) | LR=5.01e-04
2026-04-03 23:38:35,756 - INFO -   Ep  60/100 | SR=24.1759 (best=24.1759) | LR=3.46e-04
2026-04-03 23:42:19,424 - INFO -   Ep  70/100 | SR=24.3321 (best=24.3321) | LR=2.07e-04
2026-04-03 23:46:03,399 - INFO -   Ep  80/100 | SR=24.4323 (best=24.4323) | LR=9.64e-05
2026-04-03 23:49:47,030 - INFO -   Ep  90/100 | SR=24.4824 (best=24.4824) | LR=2.54e-05
2026-04-03 23:53:30,823 - INFO -   Ep 100/100 | SR=24.4926 (best=24.4926) | LR=1.00e-06
2026-04-03 23:53:31,177 - INFO - Phase 1 terminee — SR=24.4926, E_8bit=1.4084uJ (14 couches)
2026-04-03 23:53:31,178 - INFO - Baseline — SR=24.4926, E_8bit=1.4084uJ
2026-04-03 23:53:31,178 - INFO - 
======================================================================
2026-04-03 23:53:31,178 - INFO -  PHASE 2 — Quantization sweep  λ=[1.0, 2.0, 5.0, 10.0, 20.0]
2026-04-03 23:53:31,178 - INFO - ======================================================================
2026-04-03 23:53:31,178 - INFO -  λ = 1.0
2026-04-03 23:53:31,209 - INFO -   Poids FP32 charges
2026-04-03 23:55:49,706 - INFO -   Ep   1 | loss=0.0428 SR=23.44 (95.7%) E=1.4084uJ (100.0%) avg_bits_w=8.0
2026-04-03 23:58:07,876 - INFO -   Ep   2 | loss=0.0394 SR=23.53 (96.1%) E=1.4084uJ (100.0%) avg_bits_w=8.0
2026-04-04 00:00:26,053 - INFO -   Ep   3 | loss=0.0389 SR=23.54 (96.1%) E=1.4084uJ (100.0%) avg_bits_w=8.0
2026-04-04 00:04:48,423 - INFO -   Ep   5 | loss=0.0324 SR=23.70 (96.8%) E=1.4084uJ (100.0%) avg_bits_w=8.0
2026-04-04 00:09:08,584 - INFO -   Ep   7 | loss=-0.1802 SR=23.61 (96.4%) E=1.1041uJ (78.4%) avg_bits_w=7.0
2026-04-04 00:13:28,646 - INFO -   Ep   9 | loss=-0.1854 SR=23.72 (96.9%) E=1.1030uJ (78.3%) avg_bits_w=7.0
2026-04-04 00:15:38,879 - INFO -   Ep  10 | loss=-0.1891 SR=23.81 (97.2%) E=1.1030uJ (78.3%) avg_bits_w=7.0
2026-04-04 00:22:16,731 - INFO -   Ep  13 | loss=-0.1901 SR=23.84 (97.3%) E=1.1030uJ (78.3%) avg_bits_w=7.0
2026-04-04 00:24:28,411 - INFO -   Ep  14 | loss=-0.3774 SR=23.83 (97.3%) E=0.8387uJ (59.5%) avg_bits_w=6.1
2026-04-04 00:26:40,050 - INFO -   Ep  15 | loss=-0.3799 SR=23.81 (97.2%) E=0.8342uJ (59.2%) avg_bits_w=6.0
2026-04-04 00:35:24,982 - INFO -   Ep  19 | loss=-0.3814 SR=23.81 (97.2%) E=0.8320uJ (59.1%) avg_bits_w=6.0
2026-04-04 00:41:57,927 - INFO -   Ep  22 | loss=-0.5203 SR=23.64 (96.5%) E=0.6268uJ (44.5%) avg_bits_w=5.1
2026-04-04 00:44:07,598 - INFO -   Ep  23 | loss=-0.5401 SR=23.75 (97.0%) E=0.6050uJ (43.0%) avg_bits_w=5.1
2026-04-04 00:46:17,165 - INFO -   Ep  24 | loss=-0.5408 SR=23.77 (97.0%) E=0.6050uJ (43.0%) avg_bits_w=5.1
2026-04-04 00:48:26,725 - INFO -   Ep  25 | loss=-0.5435 SR=23.76 (97.0%) E=0.6008uJ (42.7%) avg_bits_w=5.0
2026-04-04 00:57:03,903 - INFO -   Ep  29 | loss=-0.5457 SR=23.76 (97.0%) E=0.5980uJ (42.5%) avg_bits_w=5.0
2026-04-04 01:05:40,605 - INFO -   Ep  33 | loss=-0.6630 SR=23.70 (96.8%) E=0.4290uJ (30.5%) avg_bits_w=4.2
2026-04-04 01:07:50,240 - INFO -   Ep  34 | loss=-0.6790 SR=23.72 (96.8%) E=0.4076uJ (28.9%) avg_bits_w=4.1
2026-04-04 01:10:00,430 - INFO -   Ep  35 | loss=-0.6806 SR=23.74 (96.9%) E=0.4068uJ (28.9%) avg_bits_w=4.1
2026-04-04 01:12:10,077 - INFO -   Ep  36 | loss=-0.6811 SR=23.74 (96.9%) E=0.4059uJ (28.8%) avg_bits_w=4.1
2026-04-04 01:14:19,533 - INFO -   Ep  37 | loss=-0.6817 SR=23.74 (96.9%) E=0.4051uJ (28.8%) avg_bits_w=4.1
2026-04-04 01:18:37,910 - INFO -   Ep  39 | loss=-0.6819 SR=23.75 (97.0%) E=0.4051uJ (28.8%) avg_bits_w=4.1
2026-04-04 01:27:14,148 - INFO -   Ep  43 | loss=-0.6821 SR=23.74 (96.9%) E=0.4043uJ (28.7%) avg_bits_w=4.1
2026-04-04 01:37:59,897 - INFO -   Ep  48 | loss=-0.6950 SR=23.61 (96.4%) E=0.3789uJ (26.9%) avg_bits_w=3.9
2026-04-04 01:40:09,148 - INFO -   Ep  49 | loss=-0.7431 SR=23.51 (96.0%) E=0.3053uJ (21.7%) avg_bits_w=3.5
2026-04-04 01:42:18,302 - INFO -   Ep  50 | loss=-0.7766 SR=23.64 (96.5%) E=0.2659uJ (18.9%) avg_bits_w=3.2
2026-04-04 01:46:36,740 - INFO -   Ep  52 | loss=-0.7792 SR=23.66 (96.6%) E=0.2630uJ (18.7%) avg_bits_w=3.1
2026-04-04 01:48:45,852 - INFO -   Ep  53 | loss=-0.7898 SR=23.70 (96.8%) E=0.2508uJ (17.8%) avg_bits_w=3.1
2026-04-04 01:50:55,078 - INFO -   Ep  54 | loss=-0.7901 SR=23.70 (96.8%) E=0.2500uJ (17.8%) avg_bits_w=3.1
2026-04-04 01:53:04,165 - INFO -   Ep  55 | loss=-0.7902 SR=23.70 (96.8%) E=0.2500uJ (17.8%) avg_bits_w=3.1
2026-04-04 01:55:13,478 - INFO -   Ep  56 | loss=-0.7910 SR=23.72 (96.9%) E=0.2500uJ (17.8%) avg_bits_w=3.1
2026-04-04 02:01:42,324 - INFO -   Ep  59 | loss=-0.7916 SR=23.72 (96.9%) E=0.2492uJ (17.7%) avg_bits_w=3.1
2026-04-04 02:06:01,912 - INFO -   Ep  61 | loss=-0.7919 SR=23.73 (96.9%) E=0.2492uJ (17.7%) avg_bits_w=3.1
2026-04-04 02:08:10,873 - INFO -   Ep  62 | loss=-0.7928 SR=23.74 (96.9%) E=0.2485uJ (17.6%) avg_bits_w=3.1
2026-04-04 02:14:36,935 - INFO -   Ep  65 | loss=-0.7935 SR=23.75 (96.9%) E=0.2478uJ (17.6%) avg_bits_w=3.1
2026-04-04 02:16:45,822 - INFO -   Ep  66 | loss=-0.7936 SR=23.75 (97.0%) E=0.2478uJ (17.6%) avg_bits_w=3.1
2026-04-04 02:25:20,076 - INFO -   Ep  70 | loss=-0.7946 SR=23.77 (97.1%) E=0.2478uJ (17.6%) avg_bits_w=3.1
2026-04-04 02:40:25,760 - INFO -   Ep  77 | loss=-0.7947 SR=23.76 (97.0%) E=0.2468uJ (17.5%) avg_bits_w=3.1
2026-04-04 02:42:35,825 - INFO -   Ep  78 | loss=-0.7948 SR=23.76 (97.0%) E=0.2468uJ (17.5%) avg_bits_w=3.1
2026-04-04 02:44:45,942 - INFO -   Ep  79 | loss=-0.8020 SR=23.78 (97.1%) E=0.2376uJ (16.9%) avg_bits_w=3.0
2026-04-04 02:55:33,562 - INFO -   Ep  84 | loss=-0.8092 SR=23.79 (97.1%) E=0.2285uJ (16.2%) avg_bits_w=2.9
2026-04-04 02:57:43,487 - INFO -   Ep  85 | loss=-0.8092 SR=23.79 (97.1%) E=0.2285uJ (16.2%) avg_bits_w=2.9
2026-04-04 02:59:53,759 - INFO -   Ep  86 | loss=-0.8099 SR=23.81 (97.2%) E=0.2285uJ (16.2%) avg_bits_w=2.9
2026-04-04 03:08:32,165 - INFO -   Ep  90 | loss=-0.8238 SR=23.82 (97.2%) E=0.2094uJ (14.9%) avg_bits_w=2.8
2026-04-04 03:10:42,224 - INFO -   Ep  91 | loss=-0.8311 SR=23.84 (97.3%) E=0.2002uJ (14.2%) avg_bits_w=2.7
2026-04-04 03:12:52,350 - INFO -   Ep  92 | loss=-0.8376 SR=23.84 (97.3%) E=0.1911uJ (13.6%) avg_bits_w=2.6
2026-04-04 03:15:02,540 - INFO -   Ep  93 | loss=-0.8441 SR=23.84 (97.3%) E=0.1819uJ (12.9%) avg_bits_w=2.6
2026-04-04 03:17:12,754 - INFO -   Ep  94 | loss=-0.8447 SR=23.85 (97.4%) E=0.1819uJ (12.9%) avg_bits_w=2.6
2026-04-04 03:19:22,819 - INFO -   Ep  95 | loss=-0.8454 SR=23.87 (97.5%) E=0.1819uJ (12.9%) avg_bits_w=2.6
2026-04-04 03:23:42,725 - INFO -   Ep  97 | loss=-0.8523 SR=23.88 (97.5%) E=0.1728uJ (12.3%) avg_bits_w=2.5
2026-04-04 03:25:52,870 - INFO -   Ep  98 | loss=-0.8527 SR=23.89 (97.5%) E=0.1728uJ (12.3%) avg_bits_w=2.5
2026-04-04 03:28:02,821 - INFO -   Ep  99 | loss=-0.8530 SR=23.90 (97.6%) E=0.1728uJ (12.3%) avg_bits_w=2.5
2026-04-04 03:30:16,500 - INFO -   Ep 100 | loss=-0.8536 SR=23.91 (97.6%) E=0.1728uJ (12.3%) avg_bits_w=2.5
2026-04-04 03:32:33,721 - INFO -   Ep 101 | loss=-0.8537 SR=23.92 (97.6%) E=0.1728uJ (12.3%) avg_bits_w=2.5
2026-04-04 03:34:50,850 - INFO -   Ep 102 | loss=-0.8547 SR=23.94 (97.7%) E=0.1728uJ (12.3%) avg_bits_w=2.5
2026-04-04 03:37:08,002 - INFO -   Ep 103 | loss=-0.8548 SR=23.94 (97.7%) E=0.1728uJ (12.3%) avg_bits_w=2.5
2026-04-04 03:39:25,176 - INFO -   Ep 104 | loss=-0.8548 SR=23.94 (97.7%) E=0.1728uJ (12.3%) avg_bits_w=2.5
2026-04-04 03:43:59,083 - INFO -   Ep 106 | loss=-0.8556 SR=23.96 (97.8%) E=0.1728uJ (12.3%) avg_bits_w=2.5
2026-04-04 03:46:16,181 - INFO -   Ep 107 | loss=-0.8562 SR=23.97 (97.9%) E=0.1728uJ (12.3%) avg_bits_w=2.5
2026-04-04 03:48:33,338 - INFO -   Ep 108 | loss=-0.8564 SR=23.98 (97.9%) E=0.1728uJ (12.3%) avg_bits_w=2.5
2026-04-04 03:53:07,317 - INFO -   Ep 110 | loss=-0.8574 SR=24.01 (98.0%) E=0.1728uJ (12.3%) avg_bits_w=2.5
2026-04-04 03:55:24,496 - INFO -   Ep 111 | loss=-0.8581 SR=24.02 (98.1%) E=0.1728uJ (12.3%) avg_bits_w=2.5
2026-04-04 03:57:41,684 - INFO -   Ep 112 | loss=-0.8583 SR=24.03 (98.1%) E=0.1728uJ (12.3%) avg_bits_w=2.5
2026-04-04 03:59:58,958 - INFO -   Ep 113 | loss=-0.8588 SR=24.04 (98.1%) E=0.1728uJ (12.3%) avg_bits_w=2.5
2026-04-04 04:02:16,274 - INFO -   Ep 114 | loss=-0.8592 SR=24.05 (98.2%) E=0.1728uJ (12.3%) avg_bits_w=2.5
2026-04-04 04:04:33,408 - INFO -   Ep 115 | loss=-0.8595 SR=24.06 (98.2%) E=0.1728uJ (12.3%) avg_bits_w=2.5
2026-04-04 04:06:52,585 - INFO -   Ep 116 | loss=-0.8597 SR=24.06 (98.2%) E=0.1728uJ (12.3%) avg_bits_w=2.5
2026-04-04 04:09:03,049 - INFO -   Ep 117 | loss=-0.8599 SR=24.08 (98.3%) E=0.1735uJ (12.3%) avg_bits_w=2.5
2026-04-04 04:11:16,089 - INFO -   Ep 118 | loss=-0.8608 SR=24.09 (98.3%) E=0.1728uJ (12.3%) avg_bits_w=2.5
2026-04-04 04:13:33,158 - INFO -   Ep 119 | loss=-0.8609 SR=24.09 (98.4%) E=0.1728uJ (12.3%) avg_bits_w=2.5
2026-04-04 04:15:50,241 - INFO -   Ep 120 | loss=-0.8614 SR=24.10 (98.4%) E=0.1728uJ (12.3%) avg_bits_w=2.5
2026-04-04 04:15:51,320 - INFO -   λ=1.0 done — SR=24.10 (98.4%), E=0.1728uJ (12.3%)
2026-04-04 04:15:51,320 - INFO -  λ = 2.0
2026-04-04 04:15:51,352 - INFO -   Poids FP32 charges
2026-04-04 04:18:08,803 - INFO -   Ep   1 | loss=1.0392 SR=23.53 (96.1%) E=1.4084uJ (100.0%) avg_bits_w=8.0
2026-04-04 04:20:25,723 - INFO -   Ep   2 | loss=1.0372 SR=23.58 (96.3%) E=1.4084uJ (100.0%) avg_bits_w=8.0
2026-04-04 04:31:45,976 - INFO -   Ep   7 | loss=0.6026 SR=23.60 (96.4%) E=1.1030uJ (78.3%) avg_bits_w=7.0
2026-04-04 04:34:00,582 - INFO -   Ep   8 | loss=0.5971 SR=23.74 (96.9%) E=1.1030uJ (78.3%) avg_bits_w=7.0
2026-04-04 04:40:43,232 - INFO -   Ep  11 | loss=0.5964 SR=23.68 (96.7%) E=1.1007uJ (78.2%) avg_bits_w=7.0
2026-04-04 04:45:11,980 - INFO -   Ep  13 | loss=0.5950 SR=23.68 (96.7%) E=1.0997uJ (78.1%) avg_bits_w=7.0
2026-04-04 04:47:26,445 - INFO -   Ep  14 | loss=0.2127 SR=23.69 (96.7%) E=0.8309uJ (59.0%) avg_bits_w=6.0
2026-04-04 04:49:41,060 - INFO -   Ep  15 | loss=0.2120 SR=23.70 (96.8%) E=0.8308uJ (59.0%) avg_bits_w=6.0
2026-04-04 04:51:55,652 - INFO -   Ep  16 | loss=0.2111 SR=23.72 (96.9%) E=0.8308uJ (59.0%) avg_bits_w=6.0
2026-04-04 05:05:20,658 - INFO -   Ep  22 | loss=-0.1093 SR=23.67 (96.7%) E=0.6037uJ (42.9%) avg_bits_w=5.1
2026-04-04 05:07:35,097 - INFO -   Ep  23 | loss=-0.1198 SR=23.63 (96.5%) E=0.5950uJ (42.2%) avg_bits_w=5.0
2026-04-04 05:09:49,573 - INFO -   Ep  24 | loss=-0.1229 SR=23.70 (96.8%) E=0.5950uJ (42.2%) avg_bits_w=5.0
2026-04-04 05:29:57,036 - INFO -   Ep  33 | loss=-0.3803 SR=23.49 (95.9%) E=0.4075uJ (28.9%) avg_bits_w=4.1
2026-04-04 05:32:11,780 - INFO -   Ep  34 | loss=-0.3895 SR=23.59 (96.3%) E=0.4041uJ (28.7%) avg_bits_w=4.1
2026-04-04 05:36:40,537 - INFO -   Ep  36 | loss=-0.3910 SR=23.57 (96.2%) E=0.4024uJ (28.6%) avg_bits_w=4.1
2026-04-04 05:38:55,107 - INFO -   Ep  37 | loss=-0.3911 SR=23.49 (95.9%) E=0.3999uJ (28.4%) avg_bits_w=4.0
2026-04-04 05:41:09,764 - INFO -   Ep  38 | loss=-0.3973 SR=23.57 (96.3%) E=0.3980uJ (28.3%) avg_bits_w=4.0
2026-04-04 05:45:38,233 - INFO -   Ep  40 | loss=-0.3976 SR=23.52 (96.0%) E=0.3963uJ (28.1%) avg_bits_w=4.0
2026-04-04 05:47:52,564 - INFO -   Ep  41 | loss=-0.4004 SR=23.58 (96.3%) E=0.3961uJ (28.1%) avg_bits_w=4.0
2026-04-04 06:03:30,820 - INFO -   Ep  48 | loss=-0.4303 SR=23.43 (95.6%) E=0.3706uJ (26.3%) avg_bits_w=3.9
2026-04-04 06:05:45,078 - INFO -   Ep  49 | loss=-0.5889 SR=23.47 (95.8%) E=0.2602uJ (18.5%) avg_bits_w=3.2
2026-04-04 06:07:58,896 - INFO -   Ep  50 | loss=-0.6094 SR=23.45 (95.8%) E=0.2451uJ (17.4%) avg_bits_w=3.1
2026-04-04 06:10:13,167 - INFO -   Ep  51 | loss=-0.6122 SR=23.49 (95.9%) E=0.2444uJ (17.4%) avg_bits_w=3.1
2026-04-04 06:12:27,355 - INFO -   Ep  52 | loss=-0.6123 SR=23.47 (95.8%) E=0.2436uJ (17.3%) avg_bits_w=3.1
2026-04-04 06:16:54,970 - INFO -   Ep  54 | loss=-0.6133 SR=23.44 (95.7%) E=0.2421uJ (17.2%) avg_bits_w=3.1
2026-04-04 06:19:09,151 - INFO -   Ep  55 | loss=-0.6141 SR=23.46 (95.8%) E=0.2421uJ (17.2%) avg_bits_w=3.1
2026-04-04 06:21:23,299 - INFO -   Ep  56 | loss=-0.6152 SR=23.46 (95.8%) E=0.2413uJ (17.1%) avg_bits_w=3.1
2026-04-04 06:23:37,142 - INFO -   Ep  57 | loss=-0.6157 SR=23.47 (95.8%) E=0.2413uJ (17.1%) avg_bits_w=3.1
2026-04-04 06:25:51,307 - INFO -   Ep  58 | loss=-0.6171 SR=23.48 (95.9%) E=0.2407uJ (17.1%) avg_bits_w=3.1
2026-04-04 06:28:05,390 - INFO -   Ep  59 | loss=-0.6172 SR=23.49 (95.9%) E=0.2407uJ (17.1%) avg_bits_w=3.1
2026-04-04 06:37:00,282 - INFO -   Ep  63 | loss=-0.6175 SR=23.46 (95.8%) E=0.2398uJ (17.0%) avg_bits_w=3.1
2026-04-04 06:52:38,044 - INFO -   Ep  70 | loss=-0.6187 SR=23.39 (95.5%) E=0.2369uJ (16.8%) avg_bits_w=3.0
2026-04-04 07:12:41,963 - INFO -   Ep  79 | loss=-0.6298 SR=23.34 (95.3%) E=0.2277uJ (16.2%) avg_bits_w=2.9
2026-04-04 07:14:55,992 - INFO -   Ep  80 | loss=-0.6303 SR=23.36 (95.4%) E=0.2277uJ (16.2%) avg_bits_w=2.9
2026-04-04 07:17:09,778 - INFO -   Ep  81 | loss=-0.6432 SR=23.35 (95.4%) E=0.2185uJ (15.5%) avg_bits_w=2.9
2026-04-04 07:23:51,259 - INFO -   Ep  84 | loss=-0.7091 SR=23.38 (95.4%) E=0.1728uJ (12.3%) avg_bits_w=2.5
2026-04-04 07:26:05,346 - INFO -   Ep  85 | loss=-0.7223 SR=23.38 (95.5%) E=0.1636uJ (11.6%) avg_bits_w=2.4
2026-04-04 07:30:32,836 - INFO -   Ep  87 | loss=-0.7228 SR=23.39 (95.5%) E=0.1636uJ (11.6%) avg_bits_w=2.4
2026-04-04 07:32:46,488 - INFO -   Ep  88 | loss=-0.7357 SR=23.39 (95.5%) E=0.1545uJ (11.0%) avg_bits_w=2.4
2026-04-04 07:37:14,032 - INFO -   Ep  90 | loss=-0.7369 SR=23.42 (95.6%) E=0.1545uJ (11.0%) avg_bits_w=2.4
2026-04-04 07:43:54,684 - INFO -   Ep  93 | loss=-0.7378 SR=23.44 (95.7%) E=0.1545uJ (11.0%) avg_bits_w=2.4
2026-04-04 07:46:08,548 - INFO -   Ep  94 | loss=-0.7503 SR=23.43 (95.7%) E=0.1453uJ (10.3%) avg_bits_w=2.3
2026-04-04 07:48:22,542 - INFO -   Ep  95 | loss=-0.7508 SR=23.44 (95.7%) E=0.1453uJ (10.3%) avg_bits_w=2.3
2026-04-04 07:50:36,247 - INFO -   Ep  96 | loss=-0.7639 SR=23.44 (95.7%) E=0.1361uJ (9.7%) avg_bits_w=2.2
2026-04-04 07:52:50,237 - INFO -   Ep  97 | loss=-0.7650 SR=23.47 (95.8%) E=0.1361uJ (9.7%) avg_bits_w=2.2
2026-04-04 07:59:31,181 - INFO -   Ep 100 | loss=-0.7660 SR=23.49 (95.9%) E=0.1361uJ (9.7%) avg_bits_w=2.2
2026-04-04 08:03:58,856 - INFO -   Ep 102 | loss=-0.7666 SR=23.51 (96.0%) E=0.1361uJ (9.7%) avg_bits_w=2.2
2026-04-04 08:10:39,566 - INFO -   Ep 105 | loss=-0.7673 SR=23.53 (96.1%) E=0.1361uJ (9.7%) avg_bits_w=2.2
2026-04-04 08:12:53,528 - INFO -   Ep 106 | loss=-0.7679 SR=23.54 (96.1%) E=0.1361uJ (9.7%) avg_bits_w=2.2
2026-04-04 08:15:07,534 - INFO -   Ep 107 | loss=-0.7704 SR=23.55 (96.1%) E=0.1346uJ (9.6%) avg_bits_w=2.1
2026-04-04 08:19:34,559 - INFO -   Ep 109 | loss=-0.7705 SR=23.55 (96.2%) E=0.1346uJ (9.6%) avg_bits_w=2.1
2026-04-04 08:21:48,535 - INFO -   Ep 110 | loss=-0.7715 SR=23.58 (96.3%) E=0.1346uJ (9.6%) avg_bits_w=2.1
2026-04-04 08:24:02,476 - INFO -   Ep 111 | loss=-0.7718 SR=23.58 (96.3%) E=0.1346uJ (9.6%) avg_bits_w=2.1
2026-04-04 08:26:16,515 - INFO -   Ep 112 | loss=-0.7726 SR=23.60 (96.4%) E=0.1346uJ (9.6%) avg_bits_w=2.1
2026-04-04 08:28:30,378 - INFO -   Ep 113 | loss=-0.7728 SR=23.61 (96.4%) E=0.1346uJ (9.6%) avg_bits_w=2.1
2026-04-04 08:30:44,438 - INFO -   Ep 114 | loss=-0.7732 SR=23.62 (96.4%) E=0.1346uJ (9.6%) avg_bits_w=2.1
2026-04-04 08:32:58,125 - INFO -   Ep 115 | loss=-0.7737 SR=23.63 (96.5%) E=0.1346uJ (9.6%) avg_bits_w=2.1
2026-04-04 08:35:12,075 - INFO -   Ep 116 | loss=-0.7738 SR=23.63 (96.5%) E=0.1346uJ (9.6%) avg_bits_w=2.1
2026-04-04 08:37:25,932 - INFO -   Ep 117 | loss=-0.7742 SR=23.64 (96.5%) E=0.1346uJ (9.6%) avg_bits_w=2.1
2026-04-04 08:39:39,836 - INFO -   Ep 118 | loss=-0.7744 SR=23.65 (96.6%) E=0.1346uJ (9.6%) avg_bits_w=2.1
2026-04-04 08:41:53,655 - INFO -   Ep 119 | loss=-0.7749 SR=23.66 (96.6%) E=0.1346uJ (9.6%) avg_bits_w=2.1
2026-04-04 08:44:07,656 - INFO -   Ep 120 | loss=-0.7750 SR=23.66 (96.6%) E=0.1346uJ (9.6%) avg_bits_w=2.1
2026-04-04 08:44:08,720 - INFO -   λ=2.0 done — SR=23.66 (96.6%), E=0.1346uJ (9.6%)
2026-04-04 08:44:08,720 - INFO -  λ = 5.0
2026-04-04 08:44:08,749 - INFO -   Poids FP32 charges
2026-04-04 08:46:22,989 - INFO -   Ep   1 | loss=4.0462 SR=23.36 (95.4%) E=1.4084uJ (100.0%) avg_bits_w=8.0
2026-04-04 08:48:36,964 - INFO -   Ep   2 | loss=4.0391 SR=23.54 (96.1%) E=1.4084uJ (100.0%) avg_bits_w=8.0
2026-04-04 08:59:45,215 - INFO -   Ep   7 | loss=2.9516 SR=23.60 (96.4%) E=1.1029uJ (78.3%) avg_bits_w=7.0
2026-04-04 09:01:59,298 - INFO -   Ep   8 | loss=2.9472 SR=23.53 (96.1%) E=1.1007uJ (78.2%) avg_bits_w=7.0
2026-04-04 09:04:13,348 - INFO -   Ep   9 | loss=2.9450 SR=23.58 (96.3%) E=1.1007uJ (78.2%) avg_bits_w=7.0
2026-04-04 09:06:27,385 - INFO -   Ep  10 | loss=2.9430 SR=23.63 (96.5%) E=1.1007uJ (78.2%) avg_bits_w=7.0
2026-04-04 09:08:41,524 - INFO -   Ep  11 | loss=2.9428 SR=23.63 (96.5%) E=1.1007uJ (78.2%) avg_bits_w=7.0
2026-04-04 09:10:55,573 - INFO -   Ep  12 | loss=2.9390 SR=23.73 (96.9%) E=1.1007uJ (78.2%) avg_bits_w=7.0
2026-04-04 09:13:09,643 - INFO -   Ep  13 | loss=2.9369 SR=23.69 (96.7%) E=1.0997uJ (78.1%) avg_bits_w=7.0
2026-04-04 09:15:23,763 - INFO -   Ep  14 | loss=1.9793 SR=23.76 (97.0%) E=0.8308uJ (59.0%) avg_bits_w=6.0
2026-04-04 09:17:37,804 - INFO -   Ep  15 | loss=1.9792 SR=23.67 (96.7%) E=0.8298uJ (58.9%) avg_bits_w=6.0
2026-04-04 09:19:51,904 - INFO -   Ep  16 | loss=1.9735 SR=23.73 (96.9%) E=0.8288uJ (58.8%) avg_bits_w=6.0
2026-04-04 09:31:00,533 - INFO -   Ep  21 | loss=1.9665 SR=23.64 (96.5%) E=0.8258uJ (58.6%) avg_bits_w=6.0
2026-04-04 09:33:14,551 - INFO -   Ep  22 | loss=1.1644 SR=23.55 (96.1%) E=0.5988uJ (42.5%) avg_bits_w=5.1
2026-04-04 09:35:28,649 - INFO -   Ep  23 | loss=1.1462 SR=23.57 (96.2%) E=0.5939uJ (42.2%) avg_bits_w=5.0
2026-04-04 09:37:42,623 - INFO -   Ep  24 | loss=1.1451 SR=23.60 (96.3%) E=0.5939uJ (42.2%) avg_bits_w=5.0
2026-04-04 09:42:10,134 - INFO -   Ep  26 | loss=1.1435 SR=23.54 (96.1%) E=0.5928uJ (42.1%) avg_bits_w=5.0
2026-04-04 09:48:51,146 - INFO -   Ep  29 | loss=1.1421 SR=23.50 (95.9%) E=0.5920uJ (42.0%) avg_bits_w=5.0
2026-04-04 09:53:18,537 - INFO -   Ep  31 | loss=1.1408 SR=23.38 (95.5%) E=0.5902uJ (41.9%) avg_bits_w=5.0
2026-04-04 09:55:32,465 - INFO -   Ep  32 | loss=1.1324 SR=23.44 (95.7%) E=0.5886uJ (41.8%) avg_bits_w=5.0
2026-04-04 09:57:46,349 - INFO -   Ep  33 | loss=0.4612 SR=23.43 (95.6%) E=0.3994uJ (28.4%) avg_bits_w=4.1
2026-04-04 10:00:00,160 - INFO -   Ep  34 | loss=0.4440 SR=23.48 (95.9%) E=0.3951uJ (28.1%) avg_bits_w=4.0
2026-04-04 10:31:10,432 - INFO -   Ep  48 | loss=-0.0396 SR=23.03 (94.0%) E=0.2537uJ (18.0%) avg_bits_w=3.2
2026-04-04 10:33:24,363 - INFO -   Ep  49 | loss=-0.0996 SR=23.06 (94.1%) E=0.2371uJ (16.8%) avg_bits_w=3.1
2026-04-04 10:37:52,032 - INFO -   Ep  51 | loss=-0.0997 SR=23.06 (94.2%) E=0.2371uJ (16.8%) avg_bits_w=3.1
2026-04-04 10:44:32,808 - INFO -   Ep  54 | loss=-0.1087 SR=23.04 (94.1%) E=0.2344uJ (16.6%) avg_bits_w=3.0
2026-04-04 10:49:12,634 - INFO -   Ep  56 | loss=-0.1092 SR=23.05 (94.1%) E=0.2344uJ (16.6%) avg_bits_w=3.0
2026-04-04 11:03:25,529 - INFO -   Ep  62 | loss=-0.1111 SR=22.97 (93.8%) E=0.2329uJ (16.5%) avg_bits_w=3.0
2026-04-04 11:41:15,408 - INFO -   Ep  79 | loss=-0.1383 SR=22.77 (92.9%) E=0.2229uJ (15.8%) avg_bits_w=2.9
2026-04-04 11:43:29,191 - INFO -   Ep  80 | loss=-0.1698 SR=22.75 (92.9%) E=0.2138uJ (15.2%) avg_bits_w=2.9
2026-04-04 11:45:43,127 - INFO -   Ep  81 | loss=-0.3645 SR=22.75 (92.9%) E=0.1589uJ (11.3%) avg_bits_w=2.4
2026-04-04 11:47:56,925 - INFO -   Ep  82 | loss=-0.3977 SR=22.76 (92.9%) E=0.1498uJ (10.6%) avg_bits_w=2.4
2026-04-04 11:50:10,888 - INFO -   Ep  83 | loss=-0.4640 SR=22.78 (93.0%) E=0.1312uJ (9.3%) avg_bits_w=2.2
2026-04-04 11:54:38,449 - INFO -   Ep  85 | loss=-0.4965 SR=22.78 (93.0%) E=0.1221uJ (8.7%) avg_bits_w=2.1
2026-04-04 11:56:52,305 - INFO -   Ep  86 | loss=-0.5050 SR=22.74 (92.8%) E=0.1192uJ (8.5%) avg_bits_w=2.1
2026-04-04 12:01:19,647 - INFO -   Ep  88 | loss=-0.5070 SR=22.79 (93.0%) E=0.1192uJ (8.5%) avg_bits_w=2.1
2026-04-04 12:03:33,491 - INFO -   Ep  89 | loss=-0.5074 SR=22.80 (93.1%) E=0.1192uJ (8.5%) avg_bits_w=2.1
2026-04-04 12:08:00,710 - INFO -   Ep  91 | loss=-0.5075 SR=22.80 (93.1%) E=0.1192uJ (8.5%) avg_bits_w=2.1
2026-04-04 12:10:14,611 - INFO -   Ep  92 | loss=-0.5085 SR=22.82 (93.2%) E=0.1192uJ (8.5%) avg_bits_w=2.1
2026-04-04 12:14:41,785 - INFO -   Ep  94 | loss=-0.5088 SR=22.83 (93.2%) E=0.1193uJ (8.5%) avg_bits_w=2.1
2026-04-04 12:16:55,729 - INFO -   Ep  95 | loss=-0.5109 SR=22.82 (93.2%) E=0.1186uJ (8.4%) avg_bits_w=2.1
2026-04-04 12:19:09,601 - INFO -   Ep  96 | loss=-0.5109 SR=22.84 (93.2%) E=0.1187uJ (8.4%) avg_bits_w=2.1
2026-04-04 12:21:23,204 - INFO -   Ep  97 | loss=-0.5110 SR=22.83 (93.2%) E=0.1186uJ (8.4%) avg_bits_w=2.1
2026-04-04 12:23:37,040 - INFO -   Ep  98 | loss=-0.5119 SR=22.85 (93.3%) E=0.1186uJ (8.4%) avg_bits_w=2.1
2026-04-04 12:28:04,457 - INFO -   Ep 100 | loss=-0.5119 SR=22.86 (93.3%) E=0.1187uJ (8.4%) avg_bits_w=2.1
2026-04-04 12:30:18,283 - INFO -   Ep 101 | loss=-0.5119 SR=22.86 (93.3%) E=0.1187uJ (8.4%) avg_bits_w=2.1
2026-04-04 12:32:32,312 - INFO -   Ep 102 | loss=-0.5124 SR=22.86 (93.3%) E=0.1186uJ (8.4%) avg_bits_w=2.1
2026-04-04 12:34:46,099 - INFO -   Ep 103 | loss=-0.5140 SR=22.90 (93.5%) E=0.1186uJ (8.4%) avg_bits_w=2.1
2026-04-04 12:43:40,559 - INFO -   Ep 107 | loss=-0.5150 SR=22.92 (93.6%) E=0.1186uJ (8.4%) avg_bits_w=2.1
2026-04-04 12:45:54,453 - INFO -   Ep 108 | loss=-0.5151 SR=22.93 (93.6%) E=0.1186uJ (8.4%) avg_bits_w=2.1
2026-04-04 12:48:08,276 - INFO -   Ep 109 | loss=-0.5157 SR=22.94 (93.7%) E=0.1186uJ (8.4%) avg_bits_w=2.1
2026-04-04 12:52:36,958 - INFO -   Ep 111 | loss=-0.5158 SR=22.96 (93.7%) E=0.1187uJ (8.4%) avg_bits_w=2.1
2026-04-04 12:54:51,298 - INFO -   Ep 112 | loss=-0.5168 SR=22.97 (93.8%) E=0.1186uJ (8.4%) avg_bits_w=2.1
2026-04-04 12:57:05,322 - INFO -   Ep 113 | loss=-0.5170 SR=22.97 (93.8%) E=0.1186uJ (8.4%) avg_bits_w=2.1
2026-04-04 12:59:19,264 - INFO -   Ep 114 | loss=-0.5170 SR=22.97 (93.8%) E=0.1186uJ (8.4%) avg_bits_w=2.1
2026-04-04 13:03:46,884 - INFO -   Ep 116 | loss=-0.5175 SR=23.00 (93.9%) E=0.1187uJ (8.4%) avg_bits_w=2.1
2026-04-04 13:06:00,971 - INFO -   Ep 117 | loss=-0.5182 SR=23.00 (93.9%) E=0.1186uJ (8.4%) avg_bits_w=2.1
2026-04-04 13:10:28,608 - INFO -   Ep 119 | loss=-0.5183 SR=23.02 (94.0%) E=0.1187uJ (8.4%) avg_bits_w=2.1
2026-04-04 13:12:42,734 - INFO -   Ep 120 | loss=-0.5184 SR=23.02 (94.0%) E=0.1187uJ (8.4%) avg_bits_w=2.1
2026-04-04 13:12:43,788 - INFO -   λ=5.0 done — SR=23.02 (94.0%), E=0.1187uJ (8.4%)
2026-04-04 13:12:43,788 - INFO -  λ = 10.0
2026-04-04 13:12:43,817 - INFO -   Poids FP32 charges
2026-04-04 13:14:58,331 - INFO -   Ep   1 | loss=9.0855 SR=22.40 (91.5%) E=1.4084uJ (100.0%) avg_bits_w=8.0
2026-04-04 13:17:12,280 - INFO -   Ep   2 | loss=9.0670 SR=22.85 (93.3%) E=1.4084uJ (100.0%) avg_bits_w=8.0
2026-04-04 13:19:26,195 - INFO -   Ep   3 | loss=9.0466 SR=23.35 (95.3%) E=1.4084uJ (100.0%) avg_bits_w=8.0
2026-04-04 13:23:53,783 - INFO -   Ep   5 | loss=9.0400 SR=23.51 (96.0%) E=1.4084uJ (100.0%) avg_bits_w=8.0
2026-04-04 13:26:08,193 - INFO -   Ep   6 | loss=9.0394 SR=23.53 (96.1%) E=1.4084uJ (100.0%) avg_bits_w=8.0
2026-04-04 13:28:22,757 - INFO -   Ep   7 | loss=6.8509 SR=23.62 (96.5%) E=1.1007uJ (78.2%) avg_bits_w=7.0
2026-04-04 13:39:31,074 - INFO -   Ep  12 | loss=6.8496 SR=23.66 (96.6%) E=1.1007uJ (78.2%) avg_bits_w=7.0
2026-04-04 13:41:45,304 - INFO -   Ep  13 | loss=6.8446 SR=23.60 (96.4%) E=1.0997uJ (78.1%) avg_bits_w=7.0
2026-04-04 13:43:59,415 - INFO -   Ep  14 | loss=4.9173 SR=23.69 (96.7%) E=0.8288uJ (58.8%) avg_bits_w=6.0
2026-04-04 13:48:27,222 - INFO -   Ep  16 | loss=4.9171 SR=23.66 (96.6%) E=0.8286uJ (58.8%) avg_bits_w=6.0
2026-04-04 13:59:36,142 - INFO -   Ep  21 | loss=4.8941 SR=23.57 (96.2%) E=0.8248uJ (58.6%) avg_bits_w=6.0
2026-04-04 14:01:50,324 - INFO -   Ep  22 | loss=3.2555 SR=23.55 (96.1%) E=0.5939uJ (42.2%) avg_bits_w=5.0
2026-04-04 14:04:04,501 - INFO -   Ep  23 | loss=3.2467 SR=23.61 (96.4%) E=0.5930uJ (42.1%) avg_bits_w=5.0
2026-04-04 14:17:25,884 - INFO -   Ep  29 | loss=3.2449 SR=23.44 (95.7%) E=0.5918uJ (42.0%) avg_bits_w=5.0
2026-04-04 14:19:39,926 - INFO -   Ep  30 | loss=3.2303 SR=23.35 (95.3%) E=0.5892uJ (41.8%) avg_bits_w=5.0
2026-04-04 14:24:07,329 - INFO -   Ep  32 | loss=3.2216 SR=23.27 (95.0%) E=0.5875uJ (41.7%) avg_bits_w=5.0
2026-04-04 14:26:21,574 - INFO -   Ep  33 | loss=1.8717 SR=23.28 (95.0%) E=0.3975uJ (28.2%) avg_bits_w=4.1
2026-04-04 14:28:35,541 - INFO -   Ep  34 | loss=1.8509 SR=23.20 (94.7%) E=0.3941uJ (28.0%) avg_bits_w=4.0
2026-04-04 14:44:11,518 - INFO -   Ep  41 | loss=1.8489 SR=22.95 (93.7%) E=0.3924uJ (27.9%) avg_bits_w=4.0
2026-04-04 14:46:25,691 - INFO -   Ep  42 | loss=1.8459 SR=22.89 (93.4%) E=0.3916uJ (27.8%) avg_bits_w=4.0
2026-04-04 14:48:39,796 - INFO -   Ep  43 | loss=1.8405 SR=22.89 (93.4%) E=0.3908uJ (27.7%) avg_bits_w=4.0
2026-04-04 14:50:54,075 - INFO -   Ep  44 | loss=1.8403 SR=22.89 (93.5%) E=0.3908uJ (27.7%) avg_bits_w=4.0
2026-04-04 14:55:22,125 - INFO -   Ep  46 | loss=1.8316 SR=22.84 (93.3%) E=0.3893uJ (27.6%) avg_bits_w=4.0
2026-04-04 14:59:49,399 - INFO -   Ep  48 | loss=0.7524 SR=22.78 (93.0%) E=0.2370uJ (16.8%) avg_bits_w=3.1
2026-04-04 15:02:03,449 - INFO -   Ep  49 | loss=0.7504 SR=22.83 (93.2%) E=0.2370uJ (16.8%) avg_bits_w=3.1
2026-04-04 15:04:17,576 - INFO -   Ep  50 | loss=0.7402 SR=22.82 (93.2%) E=0.2355uJ (16.7%) avg_bits_w=3.1
2026-04-04 15:06:31,502 - INFO -   Ep  51 | loss=0.7254 SR=22.82 (93.2%) E=0.2334uJ (16.6%) avg_bits_w=3.0
2026-04-04 15:13:13,037 - INFO -   Ep  54 | loss=0.7222 SR=22.78 (93.0%) E=0.2327uJ (16.5%) avg_bits_w=3.0
2026-04-04 15:22:07,751 - INFO -   Ep  58 | loss=0.7215 SR=22.68 (92.6%) E=0.2320uJ (16.5%) avg_bits_w=3.0
2026-04-04 15:24:21,623 - INFO -   Ep  59 | loss=0.7211 SR=22.69 (92.6%) E=0.2320uJ (16.5%) avg_bits_w=3.0
2026-04-04 16:04:25,082 - INFO -   Ep  77 | loss=0.7205 SR=22.35 (91.3%) E=0.2300uJ (16.3%) avg_bits_w=3.0
2026-04-04 16:08:52,696 - INFO -   Ep  79 | loss=0.5911 SR=22.33 (91.2%) E=0.2117uJ (15.0%) avg_bits_w=2.9
2026-04-04 16:11:06,728 - INFO -   Ep  80 | loss=0.1873 SR=22.33 (91.2%) E=0.1548uJ (11.0%) avg_bits_w=2.4
2026-04-04 16:13:20,811 - INFO -   Ep  81 | loss=-0.0083 SR=22.33 (91.2%) E=0.1272uJ (9.0%) avg_bits_w=2.2
2026-04-04 16:15:34,678 - INFO -   Ep  82 | loss=-0.0774 SR=22.32 (91.1%) E=0.1174uJ (8.3%) avg_bits_w=2.1
2026-04-04 16:17:48,707 - INFO -   Ep  83 | loss=-0.0878 SR=22.30 (91.1%) E=0.1159uJ (8.2%) avg_bits_w=2.1
2026-04-04 16:20:02,697 - INFO -   Ep  84 | loss=-0.0934 SR=22.33 (91.2%) E=0.1152uJ (8.2%) avg_bits_w=2.1
2026-04-04 16:22:16,489 - INFO -   Ep  85 | loss=-0.0945 SR=22.35 (91.3%) E=0.1152uJ (8.2%) avg_bits_w=2.1
2026-04-04 16:31:11,118 - INFO -   Ep  89 | loss=-0.0948 SR=22.36 (91.3%) E=0.1152uJ (8.2%) avg_bits_w=2.1
2026-04-04 16:35:38,572 - INFO -   Ep  91 | loss=-0.0955 SR=22.38 (91.4%) E=0.1152uJ (8.2%) avg_bits_w=2.1
2026-04-04 16:40:05,640 - INFO -   Ep  93 | loss=-0.0958 SR=22.39 (91.4%) E=0.1152uJ (8.2%) avg_bits_w=2.1
2026-04-04 16:42:19,508 - INFO -   Ep  94 | loss=-0.0962 SR=22.40 (91.4%) E=0.1152uJ (8.2%) avg_bits_w=2.1
2026-04-04 16:44:33,313 - INFO -   Ep  95 | loss=-0.0965 SR=22.40 (91.5%) E=0.1152uJ (8.2%) avg_bits_w=2.1
2026-04-04 16:51:14,029 - INFO -   Ep  98 | loss=-0.0968 SR=22.41 (91.5%) E=0.1152uJ (8.2%) avg_bits_w=2.1
2026-04-04 16:57:54,795 - INFO -   Ep 101 | loss=-0.0972 SR=22.42 (91.5%) E=0.1152uJ (8.2%) avg_bits_w=2.1
2026-04-04 17:02:22,160 - INFO -   Ep 103 | loss=-0.0978 SR=22.43 (91.6%) E=0.1152uJ (8.2%) avg_bits_w=2.1
2026-04-04 17:04:36,092 - INFO -   Ep 104 | loss=-0.0985 SR=22.45 (91.7%) E=0.1152uJ (8.2%) avg_bits_w=2.1
2026-04-04 17:06:50,026 - INFO -   Ep 105 | loss=-0.0986 SR=22.45 (91.7%) E=0.1152uJ (8.2%) avg_bits_w=2.1
2026-04-04 17:09:03,621 - INFO -   Ep 106 | loss=-0.0988 SR=22.46 (91.7%) E=0.1152uJ (8.2%) avg_bits_w=2.1
2026-04-04 17:13:30,794 - INFO -   Ep 108 | loss=-0.0991 SR=22.47 (91.7%) E=0.1152uJ (8.2%) avg_bits_w=2.1
2026-04-04 17:15:44,742 - INFO -   Ep 109 | loss=-0.0994 SR=22.47 (91.8%) E=0.1152uJ (8.2%) avg_bits_w=2.1
2026-04-04 17:17:58,522 - INFO -   Ep 110 | loss=-0.0999 SR=22.49 (91.8%) E=0.1152uJ (8.2%) avg_bits_w=2.1
2026-04-04 17:20:12,395 - INFO -   Ep 111 | loss=-0.1007 SR=22.50 (91.9%) E=0.1152uJ (8.2%) avg_bits_w=2.1
2026-04-04 17:22:26,121 - INFO -   Ep 112 | loss=-0.1009 SR=22.51 (91.9%) E=0.1152uJ (8.2%) avg_bits_w=2.1
2026-04-04 17:26:53,884 - INFO -   Ep 114 | loss=-0.1018 SR=22.53 (92.0%) E=0.1152uJ (8.2%) avg_bits_w=2.1
2026-04-04 17:31:21,549 - INFO -   Ep 116 | loss=-0.1023 SR=22.54 (92.0%) E=0.1152uJ (8.2%) avg_bits_w=2.1
2026-04-04 17:35:49,019 - INFO -   Ep 118 | loss=-0.1026 SR=22.55 (92.1%) E=0.1152uJ (8.2%) avg_bits_w=2.1
2026-04-04 17:38:02,924 - INFO -   Ep 119 | loss=-0.1030 SR=22.56 (92.1%) E=0.1152uJ (8.2%) avg_bits_w=2.1
2026-04-04 17:40:16,879 - INFO -   Ep 120 | loss=-0.1032 SR=22.57 (92.1%) E=0.1152uJ (8.2%) avg_bits_w=2.1
2026-04-04 17:40:18,029 - INFO -   λ=10.0 done — SR=22.57 (92.1%), E=0.1152uJ (8.2%)
2026-04-04 17:40:18,029 - INFO -  λ = 20.0
2026-04-04 17:40:18,059 - INFO -   Poids FP32 charges
2026-04-04 17:42:32,463 - INFO -   Ep   1 | loss=19.0408 SR=23.49 (95.9%) E=1.4084uJ (100.0%) avg_bits_w=8.0
2026-04-04 17:44:46,238 - INFO -   Ep   2 | loss=19.0387 SR=23.55 (96.1%) E=1.4084uJ (100.0%) avg_bits_w=8.0
2026-04-04 17:51:28,908 - INFO -   Ep   5 | loss=19.0358 SR=23.62 (96.4%) E=1.4084uJ (100.0%) avg_bits_w=8.0
2026-04-04 17:53:43,092 - INFO -   Ep   6 | loss=19.0351 SR=23.63 (96.5%) E=1.4084uJ (100.0%) avg_bits_w=8.0
2026-04-04 17:55:57,107 - INFO -   Ep   7 | loss=14.6680 SR=23.58 (96.3%) E=1.1007uJ (78.2%) avg_bits_w=7.0
2026-04-04 17:58:11,306 - INFO -   Ep   8 | loss=14.6673 SR=23.60 (96.4%) E=1.1007uJ (78.2%) avg_bits_w=7.0
2026-04-04 18:00:25,426 - INFO -   Ep   9 | loss=14.6642 SR=23.68 (96.7%) E=1.1007uJ (78.2%) avg_bits_w=7.0
2026-04-04 18:02:39,571 - INFO -   Ep  10 | loss=14.6635 SR=23.69 (96.7%) E=1.1007uJ (78.2%) avg_bits_w=7.0
2026-04-04 18:09:21,015 - INFO -   Ep  13 | loss=10.8017 SR=23.63 (96.5%) E=0.8286uJ (58.8%) avg_bits_w=6.0
2026-04-04 18:22:43,772 - INFO -   Ep  19 | loss=10.7708 SR=23.40 (95.5%) E=0.8258uJ (58.6%) avg_bits_w=6.0
2026-04-04 18:24:57,977 - INFO -   Ep  20 | loss=7.4643 SR=23.37 (95.4%) E=0.5928uJ (42.1%) avg_bits_w=5.0
2026-04-04 18:27:12,291 - INFO -   Ep  21 | loss=7.4625 SR=23.36 (95.4%) E=0.5927uJ (42.1%) avg_bits_w=5.0
2026-04-04 18:38:21,390 - INFO -   Ep  26 | loss=7.4383 SR=23.05 (94.1%) E=0.5901uJ (41.9%) avg_bits_w=5.0
2026-04-04 18:40:35,647 - INFO -   Ep  27 | loss=4.6565 SR=23.01 (94.0%) E=0.3941uJ (28.0%) avg_bits_w=4.0
2026-04-04 18:58:25,348 - INFO -   Ep  35 | loss=4.6282 SR=22.52 (91.9%) E=0.3907uJ (27.7%) avg_bits_w=4.0
2026-04-04 19:00:39,683 - INFO -   Ep  36 | loss=2.4616 SR=22.53 (92.0%) E=0.2381uJ (16.9%) avg_bits_w=3.1
2026-04-04 19:02:53,765 - INFO -   Ep  37 | loss=2.3923 SR=22.53 (92.0%) E=0.2333uJ (16.6%) avg_bits_w=3.0
2026-04-04 19:05:07,632 - INFO -   Ep  38 | loss=2.3906 SR=22.58 (92.2%) E=0.2333uJ (16.6%) avg_bits_w=3.0
2026-04-04 19:25:11,648 - INFO -   Ep  47 | loss=2.3807 SR=21.83 (89.1%) E=0.2304uJ (16.4%) avg_bits_w=3.0
2026-04-04 19:29:39,685 - INFO -   Ep  49 | loss=2.3776 SR=21.67 (88.5%) E=0.2297uJ (16.3%) avg_bits_w=3.0
2026-04-04 19:31:53,913 - INFO -   Ep  50 | loss=2.3521 SR=21.61 (88.2%) E=0.2278uJ (16.2%) avg_bits_w=3.0
2026-04-04 19:34:08,190 - INFO -   Ep  51 | loss=0.7402 SR=21.62 (88.3%) E=0.1143uJ (8.1%) avg_bits_w=2.1
2026-04-04 19:38:35,614 - INFO -   Ep  53 | loss=0.7386 SR=21.66 (88.4%) E=0.1143uJ (8.1%) avg_bits_w=2.1
2026-04-04 19:40:49,884 - INFO -   Ep  54 | loss=0.7179 SR=21.63 (88.3%) E=0.1128uJ (8.0%) avg_bits_w=2.0
2026-04-04 19:43:04,110 - INFO -   Ep  55 | loss=0.7093 SR=21.61 (88.3%) E=0.1121uJ (8.0%) avg_bits_w=2.0
2026-04-04 19:45:18,490 - INFO -   Ep  56 | loss=0.7091 SR=21.62 (88.3%) E=0.1121uJ (8.0%) avg_bits_w=2.0
2026-04-04 19:49:46,539 - INFO -   Ep  58 | loss=0.7064 SR=21.69 (88.5%) E=0.1121uJ (8.0%) avg_bits_w=2.0
2026-04-04 20:54:24,431 - INFO -   Ep  87 | loss=0.6428 SR=21.15 (86.3%) E=0.1061uJ (7.5%) avg_bits_w=1.9
2026-04-04 20:56:31,795 - INFO -   Ep  88 | loss=0.5580 SR=21.17 (86.4%) E=0.1002uJ (7.1%) avg_bits_w=1.9
2026-04-04 20:58:40,520 - INFO -   Ep  89 | loss=0.3080 SR=21.15 (86.4%) E=0.0825uJ (5.9%) avg_bits_w=1.6
2026-04-04 21:00:48,436 - INFO -   Ep  90 | loss=0.0559 SR=21.17 (86.4%) E=0.0648uJ (4.6%) avg_bits_w=1.4
2026-04-04 21:03:03,731 - INFO -   Ep  91 | loss=-0.0290 SR=21.20 (86.5%) E=0.0589uJ (4.2%) avg_bits_w=1.4
2026-04-04 21:05:15,606 - INFO -   Ep  92 | loss=-0.1964 SR=21.18 (86.5%) E=0.0471uJ (3.3%) avg_bits_w=1.2
2026-04-04 21:07:27,269 - INFO -   Ep  93 | loss=-0.2797 SR=21.18 (86.5%) E=0.0412uJ (2.9%) avg_bits_w=1.1
2026-04-04 21:09:38,718 - INFO -   Ep  94 | loss=-0.2811 SR=21.21 (86.6%) E=0.0412uJ (2.9%) avg_bits_w=1.1
2026-04-04 21:16:12,928 - INFO -   Ep  97 | loss=-0.2818 SR=21.23 (86.7%) E=0.0412uJ (2.9%) avg_bits_w=1.1
2026-04-04 21:18:20,703 - INFO -   Ep  98 | loss=-0.2832 SR=21.26 (86.8%) E=0.0412uJ (2.9%) avg_bits_w=1.1
2026-04-04 21:26:43,591 - INFO -   Ep 102 | loss=-0.2834 SR=21.27 (86.8%) E=0.0412uJ (2.9%) avg_bits_w=1.1
2026-04-04 21:28:51,107 - INFO -   Ep 103 | loss=-0.2858 SR=21.33 (87.1%) E=0.0412uJ (2.9%) avg_bits_w=1.1
2026-04-04 21:30:56,942 - INFO -   Ep 104 | loss=-0.2980 SR=21.28 (86.9%) E=0.0402uJ (2.9%) avg_bits_w=1.1
2026-04-04 21:33:02,507 - INFO -   Ep 105 | loss=-0.2987 SR=21.30 (87.0%) E=0.0402uJ (2.9%) avg_bits_w=1.1
2026-04-04 21:35:11,534 - INFO -   Ep 106 | loss=-0.2996 SR=21.32 (87.1%) E=0.0402uJ (2.9%) avg_bits_w=1.1
2026-04-04 21:37:16,879 - INFO -   Ep 107 | loss=-0.3006 SR=21.34 (87.1%) E=0.0402uJ (2.9%) avg_bits_w=1.1
2026-04-04 21:41:26,649 - INFO -   Ep 109 | loss=-0.3033 SR=21.41 (87.4%) E=0.0402uJ (2.9%) avg_bits_w=1.1
2026-04-04 21:45:36,565 - INFO -   Ep 111 | loss=-0.3033 SR=21.41 (87.4%) E=0.0402uJ (2.9%) avg_bits_w=1.1
2026-04-04 21:49:46,278 - INFO -   Ep 113 | loss=-0.3040 SR=21.43 (87.5%) E=0.0402uJ (2.9%) avg_bits_w=1.1
2026-04-04 21:51:51,614 - INFO -   Ep 114 | loss=-0.3048 SR=21.45 (87.6%) E=0.0402uJ (2.9%) avg_bits_w=1.1
2026-04-04 21:53:56,989 - INFO -   Ep 115 | loss=-0.3054 SR=21.46 (87.6%) E=0.0402uJ (2.9%) avg_bits_w=1.1
2026-04-04 21:56:02,295 - INFO -   Ep 116 | loss=-0.3060 SR=21.48 (87.7%) E=0.0402uJ (2.9%) avg_bits_w=1.1
2026-04-04 21:58:07,614 - INFO -   Ep 117 | loss=-0.3077 SR=21.52 (87.9%) E=0.0402uJ (2.9%) avg_bits_w=1.1
2026-04-04 22:02:19,882 - INFO -   Ep 119 | loss=-0.3086 SR=21.54 (87.9%) E=0.0402uJ (2.9%) avg_bits_w=1.1
2026-04-04 22:04:27,316 - INFO -   Ep 120 | loss=-0.3093 SR=21.56 (88.0%) E=0.0402uJ (2.9%) avg_bits_w=1.1
2026-04-04 22:04:28,335 - INFO -   λ=20.0 done — SR=21.56 (88.0%), E=0.0402uJ (2.9%)
2026-04-04 22:04:29,249 - INFO -  Pipeline termine — /export/tmp/sala/results_fpga/FPGA_medium_fpga_stecath
