2026-04-03 22:06:02,461 - INFO - run_name   = FPGA_small_fpga_stecath
2026-04-03 22:06:02,461 - INFO - run_dir    = /export/tmp/sala/results_fpga/FPGA_small_fpga_stecath
2026-04-03 22:06:02,461 - INFO - lambdas    = [1.0, 2.0, 5.0, 10.0, 20.0]
2026-04-03 22:06:02,461 - INFO - output_dir = /export/tmp/sala/results_fpga
2026-04-03 22:06:27,243 - INFO - 
======================================================================
2026-04-03 22:06:27,244 - INFO -  PHASE 1 — FP32 Pretraining
2026-04-03 22:06:27,244 - INFO - ======================================================================
2026-04-03 22:06:27,518 - INFO - Modele : small_fpga — 825,088 parametres
2026-04-03 22:10:02,314 - INFO -   Ep  10/100 | SR=22.0334 (best=22.0334) | LR=9.76e-04
2026-04-03 22:13:34,426 - INFO -   Ep  20/100 | SR=22.7526 (best=22.7526) | LR=9.05e-04
2026-04-03 22:17:12,049 - INFO -   Ep  30/100 | SR=23.1790 (best=23.1790) | LR=7.94e-04
2026-04-03 22:20:46,571 - INFO -   Ep  40/100 | SR=23.4680 (best=23.4680) | LR=6.55e-04
2026-04-03 22:24:27,793 - INFO -   Ep  50/100 | SR=23.7041 (best=23.7041) | LR=5.01e-04
2026-04-03 22:28:06,796 - INFO -   Ep  60/100 | SR=23.8764 (best=23.8764) | LR=3.46e-04
2026-04-03 22:31:47,214 - INFO -   Ep  70/100 | SR=24.0058 (best=24.0058) | LR=2.07e-04
2026-04-03 22:35:32,706 - INFO -   Ep  80/100 | SR=24.0894 (best=24.0894) | LR=9.64e-05
2026-04-03 22:39:17,906 - INFO -   Ep  90/100 | SR=24.1398 (best=24.1398) | LR=2.54e-05
2026-04-03 22:42:58,065 - INFO -   Ep 100/100 | SR=24.1493 (best=24.1493) | LR=1.00e-06
2026-04-03 22:42:58,482 - INFO - Phase 1 terminee — SR=24.1493, E_8bit=0.6367uJ (14 couches)
2026-04-03 22:42:58,482 - INFO - Baseline — SR=24.1493, E_8bit=0.6367uJ
2026-04-03 22:42:58,483 - INFO - 
======================================================================
2026-04-03 22:42:58,483 - INFO -  PHASE 2 — Quantization sweep  λ=[1.0, 2.0, 5.0, 10.0, 20.0]
2026-04-03 22:42:58,483 - INFO - ======================================================================
2026-04-03 22:42:58,483 - INFO -  λ = 1.0
2026-04-03 22:42:58,505 - INFO -   Poids FP32 charges
2026-04-03 22:45:08,368 - INFO -   Ep   1 | loss=0.0335 SR=23.34 (96.6%) E=0.6367uJ (100.0%) avg_bits_w=8.0
2026-04-03 22:49:20,895 - INFO -   Ep   3 | loss=0.0325 SR=23.37 (96.8%) E=0.6367uJ (100.0%) avg_bits_w=8.0
2026-04-03 22:51:25,591 - INFO -   Ep   4 | loss=0.0323 SR=23.37 (96.8%) E=0.6367uJ (100.0%) avg_bits_w=8.0
2026-04-03 22:53:30,561 - INFO -   Ep   5 | loss=0.0312 SR=23.40 (96.9%) E=0.6367uJ (100.0%) avg_bits_w=8.0
2026-04-03 22:55:35,526 - INFO -   Ep   6 | loss=0.0280 SR=23.47 (97.2%) E=0.6367uJ (100.0%) avg_bits_w=8.0
2026-04-03 22:57:40,367 - INFO -   Ep   7 | loss=-0.1878 SR=23.43 (97.0%) E=0.4982uJ (78.2%) avg_bits_w=7.0
2026-04-03 22:59:45,253 - INFO -   Ep   8 | loss=-0.1898 SR=23.48 (97.2%) E=0.4982uJ (78.2%) avg_bits_w=7.0
2026-04-03 23:03:54,829 - INFO -   Ep  10 | loss=-0.1901 SR=23.48 (97.2%) E=0.4981uJ (78.2%) avg_bits_w=7.0
2026-04-03 23:05:59,551 - INFO -   Ep  11 | loss=-0.1917 SR=23.52 (97.4%) E=0.4981uJ (78.2%) avg_bits_w=7.0
2026-04-03 23:12:11,765 - INFO -   Ep  14 | loss=-0.3812 SR=23.51 (97.4%) E=0.3772uJ (59.2%) avg_bits_w=6.0
2026-04-03 23:29:10,396 - INFO -   Ep  22 | loss=-0.5073 SR=23.37 (96.8%) E=0.2932uJ (46.0%) avg_bits_w=5.3
2026-04-03 23:32:07,977 - INFO -   Ep  23 | loss=-0.5409 SR=23.41 (96.9%) E=0.2729uJ (42.9%) avg_bits_w=5.1
2026-04-03 23:35:05,245 - INFO -   Ep  24 | loss=-0.5416 SR=23.35 (96.7%) E=0.2709uJ (42.5%) avg_bits_w=5.0
2026-04-03 23:38:02,734 - INFO -   Ep  25 | loss=-0.5417 SR=23.32 (96.6%) E=0.2700uJ (42.4%) avg_bits_w=5.0
2026-04-04 00:01:42,398 - INFO -   Ep  33 | loss=-0.6551 SR=23.17 (96.0%) E=0.1938uJ (30.4%) avg_bits_w=4.2
2026-04-04 00:04:41,745 - INFO -   Ep  34 | loss=-0.6714 SR=23.20 (96.1%) E=0.1842uJ (28.9%) avg_bits_w=4.1
2026-04-04 00:07:40,514 - INFO -   Ep  35 | loss=-0.6719 SR=23.17 (95.9%) E=0.1831uJ (28.8%) avg_bits_w=4.1
2026-04-04 00:10:39,463 - INFO -   Ep  36 | loss=-0.6734 SR=23.21 (96.1%) E=0.1831uJ (28.8%) avg_bits_w=4.1
2026-04-04 00:19:34,714 - INFO -   Ep  39 | loss=-0.6738 SR=23.15 (95.9%) E=0.1814uJ (28.5%) avg_bits_w=4.0
2026-04-04 00:22:31,058 - INFO -   Ep  40 | loss=-0.6749 SR=23.16 (95.9%) E=0.1809uJ (28.4%) avg_bits_w=4.0
2026-04-04 00:38:58,684 - INFO -   Ep  48 | loss=-0.6783 SR=23.00 (95.2%) E=0.1746uJ (27.4%) avg_bits_w=3.9
2026-04-04 00:41:03,086 - INFO -   Ep  49 | loss=-0.7042 SR=23.00 (95.3%) E=0.1581uJ (24.8%) avg_bits_w=3.7
2026-04-04 00:43:10,974 - INFO -   Ep  50 | loss=-0.7549 SR=22.99 (95.2%) E=0.1254uJ (19.7%) avg_bits_w=3.3
2026-04-04 00:45:18,997 - INFO -   Ep  51 | loss=-0.7652 SR=23.03 (95.4%) E=0.1199uJ (18.8%) avg_bits_w=3.2
2026-04-04 00:47:26,860 - INFO -   Ep  52 | loss=-0.7656 SR=22.98 (95.2%) E=0.1185uJ (18.6%) avg_bits_w=3.1
2026-04-04 00:49:34,846 - INFO -   Ep  53 | loss=-0.7756 SR=22.99 (95.2%) E=0.1124uJ (17.7%) avg_bits_w=3.1
2026-04-04 00:51:42,840 - INFO -   Ep  54 | loss=-0.7769 SR=23.02 (95.3%) E=0.1124uJ (17.7%) avg_bits_w=3.1
2026-04-04 00:55:58,224 - INFO -   Ep  56 | loss=-0.7771 SR=23.02 (95.3%) E=0.1121uJ (17.6%) avg_bits_w=3.1
2026-04-04 00:58:06,021 - INFO -   Ep  57 | loss=-0.7783 SR=23.03 (95.4%) E=0.1117uJ (17.5%) avg_bits_w=3.1
2026-04-04 01:15:06,297 - INFO -   Ep  65 | loss=-0.7784 SR=23.02 (95.3%) E=0.1113uJ (17.5%) avg_bits_w=3.1
2026-04-04 01:46:56,793 - INFO -   Ep  80 | loss=-0.7846 SR=22.97 (95.1%) E=0.1062uJ (16.7%) avg_bits_w=3.0
2026-04-04 02:08:10,846 - INFO -   Ep  90 | loss=-0.7848 SR=22.96 (95.1%) E=0.1057uJ (16.6%) avg_bits_w=3.0
2026-04-04 02:10:18,621 - INFO -   Ep  91 | loss=-0.7908 SR=22.97 (95.1%) E=0.1020uJ (16.0%) avg_bits_w=2.9
2026-04-04 02:12:26,523 - INFO -   Ep  92 | loss=-0.7909 SR=22.96 (95.1%) E=0.1016uJ (16.0%) avg_bits_w=2.9
2026-04-04 02:14:34,391 - INFO -   Ep  93 | loss=-0.7978 SR=22.95 (95.0%) E=0.0972uJ (15.3%) avg_bits_w=2.9
2026-04-04 02:16:42,534 - INFO -   Ep  94 | loss=-0.8049 SR=22.97 (95.1%) E=0.0931uJ (14.6%) avg_bits_w=2.8
2026-04-04 02:18:50,214 - INFO -   Ep  95 | loss=-0.8055 SR=22.99 (95.2%) E=0.0931uJ (14.6%) avg_bits_w=2.8
2026-04-04 02:20:57,962 - INFO -   Ep  96 | loss=-0.8063 SR=23.00 (95.3%) E=0.0931uJ (14.6%) avg_bits_w=2.8
2026-04-04 02:27:20,678 - INFO -   Ep  99 | loss=-0.8071 SR=23.02 (95.3%) E=0.0931uJ (14.6%) avg_bits_w=2.8
2026-04-04 02:29:28,506 - INFO -   Ep 100 | loss=-0.8072 SR=23.03 (95.3%) E=0.0931uJ (14.6%) avg_bits_w=2.8
2026-04-04 02:32:04,404 - INFO -   Ep 101 | loss=-0.8072 SR=23.03 (95.3%) E=0.0931uJ (14.6%) avg_bits_w=2.8
2026-04-04 02:34:40,210 - INFO -   Ep 102 | loss=-0.8081 SR=23.05 (95.4%) E=0.0931uJ (14.6%) avg_bits_w=2.8
2026-04-04 02:39:49,513 - INFO -   Ep 104 | loss=-0.8212 SR=23.05 (95.5%) E=0.0850uJ (13.3%) avg_bits_w=2.6
2026-04-04 02:45:00,655 - INFO -   Ep 106 | loss=-0.8230 SR=23.10 (95.7%) E=0.0850uJ (13.3%) avg_bits_w=2.6
2026-04-04 02:47:36,310 - INFO -   Ep 107 | loss=-0.8234 SR=23.11 (95.7%) E=0.0850uJ (13.3%) avg_bits_w=2.6
2026-04-04 02:52:46,572 - INFO -   Ep 109 | loss=-0.8301 SR=23.12 (95.7%) E=0.0809uJ (12.7%) avg_bits_w=2.6
2026-04-04 02:55:22,097 - INFO -   Ep 110 | loss=-0.8303 SR=23.12 (95.7%) E=0.0809uJ (12.7%) avg_bits_w=2.6
2026-04-04 02:57:57,520 - INFO -   Ep 111 | loss=-0.8312 SR=23.14 (95.8%) E=0.0809uJ (12.7%) avg_bits_w=2.6
2026-04-04 03:03:07,924 - INFO -   Ep 113 | loss=-0.8319 SR=23.17 (96.0%) E=0.0813uJ (12.8%) avg_bits_w=2.6
2026-04-04 03:05:43,477 - INFO -   Ep 114 | loss=-0.8325 SR=23.17 (96.0%) E=0.0809uJ (12.7%) avg_bits_w=2.6
2026-04-04 03:08:18,876 - INFO -   Ep 115 | loss=-0.8329 SR=23.20 (96.1%) E=0.0813uJ (12.8%) avg_bits_w=2.6
2026-04-04 03:13:51,170 - INFO -   Ep 117 | loss=-0.8334 SR=23.21 (96.1%) E=0.0813uJ (12.8%) avg_bits_w=2.6
2026-04-04 03:16:48,740 - INFO -   Ep 118 | loss=-0.8346 SR=23.23 (96.2%) E=0.0809uJ (12.7%) avg_bits_w=2.6
2026-04-04 03:19:46,435 - INFO -   Ep 119 | loss=-0.8347 SR=23.24 (96.2%) E=0.0813uJ (12.8%) avg_bits_w=2.6
2026-04-04 03:22:44,272 - INFO -   Ep 120 | loss=-0.8354 SR=23.24 (96.3%) E=0.0809uJ (12.7%) avg_bits_w=2.6
2026-04-04 03:22:45,291 - INFO -   λ=1.0 done — SR=23.24 (96.3%), E=0.0809uJ (12.7%)
2026-04-04 03:22:45,291 - INFO -  λ = 2.0
2026-04-04 03:22:45,318 - INFO -   Poids FP32 charges
2026-04-04 03:25:43,764 - INFO -   Ep   1 | loss=1.0333 SR=23.35 (96.7%) E=0.6367uJ (100.0%) avg_bits_w=8.0
2026-04-04 03:34:31,643 - INFO -   Ep   4 | loss=1.0301 SR=23.42 (97.0%) E=0.6367uJ (100.0%) avg_bits_w=8.0
2026-04-04 03:40:21,585 - INFO -   Ep   6 | loss=1.0297 SR=23.43 (97.0%) E=0.6367uJ (100.0%) avg_bits_w=8.0
2026-04-04 03:43:16,735 - INFO -   Ep   7 | loss=0.5933 SR=23.46 (97.1%) E=0.4981uJ (78.2%) avg_bits_w=7.0
2026-04-04 03:49:06,902 - INFO -   Ep   9 | loss=0.5931 SR=23.42 (97.0%) E=0.4976uJ (78.2%) avg_bits_w=7.0
2026-04-04 03:52:02,048 - INFO -   Ep  10 | loss=0.5913 SR=23.47 (97.2%) E=0.4976uJ (78.2%) avg_bits_w=7.0
2026-04-04 04:00:47,203 - INFO -   Ep  13 | loss=0.5902 SR=23.46 (97.1%) E=0.4971uJ (78.1%) avg_bits_w=7.0
2026-04-04 04:03:42,743 - INFO -   Ep  14 | loss=0.2113 SR=23.36 (96.7%) E=0.3753uJ (58.9%) avg_bits_w=6.0
2026-04-04 04:06:38,619 - INFO -   Ep  15 | loss=0.2085 SR=23.42 (97.0%) E=0.3751uJ (58.9%) avg_bits_w=6.0
2026-04-04 04:27:06,487 - INFO -   Ep  22 | loss=-0.1118 SR=23.32 (96.6%) E=0.2719uJ (42.7%) avg_bits_w=5.1
2026-04-04 04:30:01,867 - INFO -   Ep  23 | loss=-0.1221 SR=23.32 (96.6%) E=0.2686uJ (42.2%) avg_bits_w=5.0
2026-04-04 04:59:10,494 - INFO -   Ep  33 | loss=-0.3782 SR=23.02 (95.3%) E=0.1831uJ (28.8%) avg_bits_w=4.1
2026-04-04 05:02:05,678 - INFO -   Ep  34 | loss=-0.3842 SR=23.08 (95.6%) E=0.1820uJ (28.6%) avg_bits_w=4.1
2026-04-04 05:05:00,940 - INFO -   Ep  35 | loss=-0.3842 SR=23.05 (95.5%) E=0.1816uJ (28.5%) avg_bits_w=4.1
2026-04-04 05:07:56,216 - INFO -   Ep  36 | loss=-0.3902 SR=23.04 (95.4%) E=0.1795uJ (28.2%) avg_bits_w=4.0
2026-04-04 05:10:51,441 - INFO -   Ep  37 | loss=-0.3908 SR=23.02 (95.3%) E=0.1791uJ (28.1%) avg_bits_w=4.0
2026-04-04 05:19:36,316 - INFO -   Ep  40 | loss=-0.3908 SR=22.97 (95.1%) E=0.1783uJ (28.0%) avg_bits_w=4.0
2026-04-04 05:42:54,672 - INFO -   Ep  48 | loss=-0.3989 SR=22.74 (94.2%) E=0.1728uJ (27.1%) avg_bits_w=3.9
2026-04-04 05:45:49,915 - INFO -   Ep  49 | loss=-0.5687 SR=22.70 (94.0%) E=0.1182uJ (18.6%) avg_bits_w=3.2
2026-04-04 05:48:45,068 - INFO -   Ep  50 | loss=-0.5938 SR=22.74 (94.1%) E=0.1107uJ (17.4%) avg_bits_w=3.1
2026-04-04 05:51:40,383 - INFO -   Ep  51 | loss=-0.5938 SR=22.69 (93.9%) E=0.1100uJ (17.3%) avg_bits_w=3.1
2026-04-04 05:54:35,667 - INFO -   Ep  52 | loss=-0.5964 SR=22.72 (94.1%) E=0.1096uJ (17.2%) avg_bits_w=3.1
2026-04-04 05:57:30,796 - INFO -   Ep  53 | loss=-0.5971 SR=22.71 (94.0%) E=0.1093uJ (17.2%) avg_bits_w=3.1
2026-04-04 06:00:25,959 - INFO -   Ep  54 | loss=-0.5981 SR=22.71 (94.0%) E=0.1089uJ (17.1%) avg_bits_w=3.1
2026-04-04 06:03:21,022 - INFO -   Ep  55 | loss=-0.5990 SR=22.70 (94.0%) E=0.1086uJ (17.1%) avg_bits_w=3.1
2026-04-04 06:26:39,593 - INFO -   Ep  63 | loss=-0.5992 SR=22.58 (93.5%) E=0.1069uJ (16.8%) avg_bits_w=3.0
2026-04-04 06:29:34,897 - INFO -   Ep  64 | loss=-0.5995 SR=22.59 (93.5%) E=0.1069uJ (16.8%) avg_bits_w=3.0
2026-04-04 07:16:12,603 - INFO -   Ep  80 | loss=-0.6059 SR=22.43 (92.9%) E=0.1028uJ (16.1%) avg_bits_w=2.9
2026-04-04 07:24:57,293 - INFO -   Ep  83 | loss=-0.6160 SR=22.36 (92.6%) E=0.0987uJ (15.5%) avg_bits_w=2.9
2026-04-04 07:27:52,646 - INFO -   Ep  84 | loss=-0.6167 SR=22.38 (92.7%) E=0.0987uJ (15.5%) avg_bits_w=2.9
2026-04-04 07:30:48,077 - INFO -   Ep  85 | loss=-0.6418 SR=22.37 (92.6%) E=0.0905uJ (14.2%) avg_bits_w=2.7
2026-04-04 07:33:43,147 - INFO -   Ep  86 | loss=-0.6555 SR=22.39 (92.7%) E=0.0865uJ (13.6%) avg_bits_w=2.6
2026-04-04 07:36:38,372 - INFO -   Ep  87 | loss=-0.6812 SR=22.39 (92.7%) E=0.0783uJ (12.3%) avg_bits_w=2.5
2026-04-04 07:39:33,638 - INFO -   Ep  88 | loss=-0.6942 SR=22.40 (92.7%) E=0.0743uJ (11.7%) avg_bits_w=2.4
2026-04-04 07:42:28,917 - INFO -   Ep  89 | loss=-0.7069 SR=22.39 (92.7%) E=0.0702uJ (11.0%) avg_bits_w=2.4
2026-04-04 07:48:19,101 - INFO -   Ep  91 | loss=-0.7190 SR=22.38 (92.7%) E=0.0661uJ (10.4%) avg_bits_w=2.3
2026-04-04 07:51:14,399 - INFO -   Ep  92 | loss=-0.7200 SR=22.40 (92.8%) E=0.0661uJ (10.4%) avg_bits_w=2.3
2026-04-04 07:54:09,626 - INFO -   Ep  93 | loss=-0.7210 SR=22.42 (92.9%) E=0.0661uJ (10.4%) avg_bits_w=2.3
2026-04-04 08:02:54,843 - INFO -   Ep  96 | loss=-0.7220 SR=22.45 (93.0%) E=0.0661uJ (10.4%) avg_bits_w=2.3
2026-04-04 08:11:39,601 - INFO -   Ep  99 | loss=-0.7231 SR=22.47 (93.1%) E=0.0661uJ (10.4%) avg_bits_w=2.3
2026-04-04 08:17:29,449 - INFO -   Ep 101 | loss=-0.7358 SR=22.47 (93.0%) E=0.0620uJ (9.7%) avg_bits_w=2.2
2026-04-04 08:20:24,718 - INFO -   Ep 102 | loss=-0.7359 SR=22.47 (93.1%) E=0.0620uJ (9.7%) avg_bits_w=2.2
2026-04-04 08:23:19,918 - INFO -   Ep 103 | loss=-0.7361 SR=22.48 (93.1%) E=0.0620uJ (9.7%) avg_bits_w=2.2
2026-04-04 08:26:15,001 - INFO -   Ep 104 | loss=-0.7366 SR=22.49 (93.1%) E=0.0620uJ (9.7%) avg_bits_w=2.2
2026-04-04 08:29:10,150 - INFO -   Ep 105 | loss=-0.7370 SR=22.50 (93.2%) E=0.0620uJ (9.7%) avg_bits_w=2.2
2026-04-04 08:32:05,258 - INFO -   Ep 106 | loss=-0.7380 SR=22.52 (93.3%) E=0.0620uJ (9.7%) avg_bits_w=2.2
2026-04-04 08:35:00,419 - INFO -   Ep 107 | loss=-0.7382 SR=22.53 (93.3%) E=0.0620uJ (9.7%) avg_bits_w=2.2
2026-04-04 08:37:55,561 - INFO -   Ep 108 | loss=-0.7382 SR=22.53 (93.3%) E=0.0620uJ (9.7%) avg_bits_w=2.2
2026-04-04 08:40:50,738 - INFO -   Ep 109 | loss=-0.7386 SR=22.54 (93.3%) E=0.0620uJ (9.7%) avg_bits_w=2.2
2026-04-04 08:43:45,904 - INFO -   Ep 110 | loss=-0.7391 SR=22.55 (93.4%) E=0.0620uJ (9.7%) avg_bits_w=2.2
2026-04-04 08:46:41,083 - INFO -   Ep 111 | loss=-0.7396 SR=22.56 (93.4%) E=0.0620uJ (9.7%) avg_bits_w=2.2
2026-04-04 08:49:36,206 - INFO -   Ep 112 | loss=-0.7401 SR=22.57 (93.5%) E=0.0620uJ (9.7%) avg_bits_w=2.2
2026-04-04 08:52:31,321 - INFO -   Ep 113 | loss=-0.7406 SR=22.59 (93.5%) E=0.0620uJ (9.7%) avg_bits_w=2.2
2026-04-04 08:55:26,499 - INFO -   Ep 114 | loss=-0.7408 SR=22.59 (93.5%) E=0.0620uJ (9.7%) avg_bits_w=2.2
2026-04-04 08:58:21,703 - INFO -   Ep 115 | loss=-0.7443 SR=22.60 (93.6%) E=0.0610uJ (9.6%) avg_bits_w=2.1
2026-04-04 09:01:16,607 - INFO -   Ep 116 | loss=-0.7451 SR=22.62 (93.7%) E=0.0610uJ (9.6%) avg_bits_w=2.1
2026-04-04 09:04:11,842 - INFO -   Ep 117 | loss=-0.7457 SR=22.63 (93.7%) E=0.0610uJ (9.6%) avg_bits_w=2.1
2026-04-04 09:07:06,925 - INFO -   Ep 118 | loss=-0.7461 SR=22.64 (93.8%) E=0.0610uJ (9.6%) avg_bits_w=2.1
2026-04-04 09:10:01,889 - INFO -   Ep 119 | loss=-0.7461 SR=22.64 (93.8%) E=0.0610uJ (9.6%) avg_bits_w=2.1
2026-04-04 09:12:57,020 - INFO -   Ep 120 | loss=-0.7466 SR=22.65 (93.8%) E=0.0610uJ (9.6%) avg_bits_w=2.1
2026-04-04 09:12:58,036 - INFO -   λ=2.0 done — SR=22.65 (93.8%), E=0.0610uJ (9.6%)
2026-04-04 09:12:58,036 - INFO -  λ = 5.0
2026-04-04 09:12:58,070 - INFO -   Poids FP32 charges
2026-04-04 09:15:53,320 - INFO -   Ep   1 | loss=4.0333 SR=23.34 (96.7%) E=0.6367uJ (100.0%) avg_bits_w=8.0
2026-04-04 09:18:48,300 - INFO -   Ep   2 | loss=4.0315 SR=23.39 (96.8%) E=0.6367uJ (100.0%) avg_bits_w=8.0
2026-04-04 09:27:32,376 - INFO -   Ep   5 | loss=4.0296 SR=23.43 (97.0%) E=0.6367uJ (100.0%) avg_bits_w=8.0
2026-04-04 09:30:27,344 - INFO -   Ep   6 | loss=4.0282 SR=23.47 (97.2%) E=0.6367uJ (100.0%) avg_bits_w=8.0
2026-04-04 09:33:22,134 - INFO -   Ep   7 | loss=2.9359 SR=23.47 (97.2%) E=0.4976uJ (78.2%) avg_bits_w=7.0
2026-04-04 09:39:11,342 - INFO -   Ep   9 | loss=2.9358 SR=23.47 (97.2%) E=0.4976uJ (78.2%) avg_bits_w=7.0
2026-04-04 09:50:49,668 - INFO -   Ep  13 | loss=2.9341 SR=23.42 (97.0%) E=0.4971uJ (78.1%) avg_bits_w=7.0
2026-04-04 09:53:44,515 - INFO -   Ep  14 | loss=1.9721 SR=23.43 (97.0%) E=0.3747uJ (58.8%) avg_bits_w=6.0
2026-04-04 10:14:06,207 - INFO -   Ep  21 | loss=1.9703 SR=23.20 (96.1%) E=0.3733uJ (58.6%) avg_bits_w=6.0
2026-04-04 10:17:01,047 - INFO -   Ep  22 | loss=1.1676 SR=23.19 (96.0%) E=0.2710uJ (42.6%) avg_bits_w=5.1
2026-04-04 10:19:55,519 - INFO -   Ep  23 | loss=1.1456 SR=23.18 (96.0%) E=0.2681uJ (42.1%) avg_bits_w=5.0
2026-04-04 10:22:50,055 - INFO -   Ep  24 | loss=1.1441 SR=23.20 (96.1%) E=0.2680uJ (42.1%) avg_bits_w=5.0
2026-04-04 10:46:06,734 - INFO -   Ep  32 | loss=1.1439 SR=22.88 (94.7%) E=0.2663uJ (41.8%) avg_bits_w=5.0
2026-04-04 10:49:05,652 - INFO -   Ep  33 | loss=0.4717 SR=22.87 (94.7%) E=0.1807uJ (28.4%) avg_bits_w=4.1
2026-04-04 10:52:05,133 - INFO -   Ep  34 | loss=0.4573 SR=22.82 (94.5%) E=0.1786uJ (28.0%) avg_bits_w=4.0
2026-04-04 10:55:03,840 - INFO -   Ep  35 | loss=0.4559 SR=22.79 (94.4%) E=0.1782uJ (28.0%) avg_bits_w=4.0
2026-04-04 11:32:53,829 - INFO -   Ep  48 | loss=0.0357 SR=22.27 (92.2%) E=0.1220uJ (19.2%) avg_bits_w=3.3
2026-04-04 11:35:48,732 - INFO -   Ep  49 | loss=-0.0776 SR=22.29 (92.3%) E=0.1076uJ (16.9%) avg_bits_w=3.1
2026-04-04 11:44:32,431 - INFO -   Ep  52 | loss=-0.0844 SR=22.19 (91.9%) E=0.1063uJ (16.7%) avg_bits_w=3.0
2026-04-04 11:47:27,273 - INFO -   Ep  53 | loss=-0.0857 SR=22.22 (92.0%) E=0.1063uJ (16.7%) avg_bits_w=3.0
2026-04-04 11:53:16,675 - INFO -   Ep  55 | loss=-0.0875 SR=22.21 (92.0%) E=0.1060uJ (16.6%) avg_bits_w=3.0
2026-04-04 11:56:11,751 - INFO -   Ep  56 | loss=-0.0893 SR=22.19 (91.9%) E=0.1056uJ (16.6%) avg_bits_w=3.0
2026-04-04 11:59:06,678 - INFO -   Ep  57 | loss=-0.0897 SR=22.19 (91.9%) E=0.1056uJ (16.6%) avg_bits_w=3.0
2026-04-04 13:06:04,771 - INFO -   Ep  80 | loss=-0.1392 SR=21.77 (90.2%) E=0.0971uJ (15.2%) avg_bits_w=2.9
2026-04-04 13:08:59,880 - INFO -   Ep  81 | loss=-0.1411 SR=21.76 (90.1%) E=0.0968uJ (15.2%) avg_bits_w=2.9
2026-04-04 13:11:54,988 - INFO -   Ep  82 | loss=-0.3648 SR=21.75 (90.1%) E=0.0682uJ (10.7%) avg_bits_w=2.4
2026-04-04 13:14:50,195 - INFO -   Ep  83 | loss=-0.3975 SR=21.77 (90.1%) E=0.0642uJ (10.1%) avg_bits_w=2.3
2026-04-04 13:17:45,331 - INFO -   Ep  84 | loss=-0.4294 SR=21.76 (90.1%) E=0.0601uJ (9.4%) avg_bits_w=2.2
2026-04-04 13:23:35,132 - INFO -   Ep  86 | loss=-0.4714 SR=21.75 (90.1%) E=0.0547uJ (8.6%) avg_bits_w=2.1
2026-04-04 13:26:30,645 - INFO -   Ep  87 | loss=-0.4738 SR=21.75 (90.1%) E=0.0544uJ (8.5%) avg_bits_w=2.1
2026-04-04 13:29:26,052 - INFO -   Ep  88 | loss=-0.4745 SR=21.77 (90.1%) E=0.0544uJ (8.5%) avg_bits_w=2.1
2026-04-04 13:32:21,145 - INFO -   Ep  89 | loss=-0.4746 SR=21.77 (90.2%) E=0.0544uJ (8.5%) avg_bits_w=2.1
2026-04-04 13:35:16,199 - INFO -   Ep  90 | loss=-0.4769 SR=21.77 (90.1%) E=0.0541uJ (8.5%) avg_bits_w=2.1
2026-04-04 13:38:11,348 - INFO -   Ep  91 | loss=-0.4777 SR=21.79 (90.2%) E=0.0541uJ (8.5%) avg_bits_w=2.1
2026-04-04 13:44:00,700 - INFO -   Ep  93 | loss=-0.4780 SR=21.80 (90.3%) E=0.0541uJ (8.5%) avg_bits_w=2.1
2026-04-04 13:49:50,411 - INFO -   Ep  95 | loss=-0.4782 SR=21.80 (90.3%) E=0.0541uJ (8.5%) avg_bits_w=2.1
2026-04-04 13:55:40,410 - INFO -   Ep  97 | loss=-0.4812 SR=21.82 (90.3%) E=0.0538uJ (8.4%) avg_bits_w=2.1
2026-04-04 13:58:35,469 - INFO -   Ep  98 | loss=-0.4821 SR=21.84 (90.4%) E=0.0538uJ (8.4%) avg_bits_w=2.1
2026-04-04 14:01:30,599 - INFO -   Ep  99 | loss=-0.4833 SR=21.81 (90.3%) E=0.0535uJ (8.4%) avg_bits_w=2.1
2026-04-04 14:04:25,553 - INFO -   Ep 100 | loss=-0.4844 SR=21.84 (90.4%) E=0.0535uJ (8.4%) avg_bits_w=2.1
2026-04-04 14:07:20,674 - INFO -   Ep 101 | loss=-0.4845 SR=21.84 (90.4%) E=0.0535uJ (8.4%) avg_bits_w=2.1
2026-04-04 14:13:10,605 - INFO -   Ep 103 | loss=-0.4850 SR=21.85 (90.5%) E=0.0535uJ (8.4%) avg_bits_w=2.1
2026-04-04 14:16:05,899 - INFO -   Ep 104 | loss=-0.4851 SR=21.86 (90.5%) E=0.0535uJ (8.4%) avg_bits_w=2.1
2026-04-04 14:21:55,831 - INFO -   Ep 106 | loss=-0.4852 SR=21.86 (90.5%) E=0.0535uJ (8.4%) avg_bits_w=2.1
2026-04-04 14:24:51,014 - INFO -   Ep 107 | loss=-0.4866 SR=21.89 (90.6%) E=0.0535uJ (8.4%) avg_bits_w=2.1
2026-04-04 14:27:46,350 - INFO -   Ep 108 | loss=-0.4868 SR=21.90 (90.7%) E=0.0535uJ (8.4%) avg_bits_w=2.1
2026-04-04 14:30:41,354 - INFO -   Ep 109 | loss=-0.4870 SR=21.90 (90.7%) E=0.0535uJ (8.4%) avg_bits_w=2.1
2026-04-04 14:33:36,480 - INFO -   Ep 110 | loss=-0.4871 SR=21.90 (90.7%) E=0.0535uJ (8.4%) avg_bits_w=2.1
2026-04-04 14:36:31,621 - INFO -   Ep 111 | loss=-0.4879 SR=21.92 (90.8%) E=0.0535uJ (8.4%) avg_bits_w=2.1
2026-04-04 14:39:26,798 - INFO -   Ep 112 | loss=-0.4887 SR=21.94 (90.9%) E=0.0535uJ (8.4%) avg_bits_w=2.1
2026-04-04 14:48:11,612 - INFO -   Ep 115 | loss=-0.4889 SR=21.95 (90.9%) E=0.0535uJ (8.4%) avg_bits_w=2.1
2026-04-04 14:51:06,782 - INFO -   Ep 116 | loss=-0.4897 SR=21.97 (91.0%) E=0.0535uJ (8.4%) avg_bits_w=2.1
2026-04-04 14:54:02,943 - INFO -   Ep 117 | loss=-0.4902 SR=21.98 (91.0%) E=0.0535uJ (8.4%) avg_bits_w=2.1
2026-04-04 14:56:58,207 - INFO -   Ep 118 | loss=-0.4905 SR=21.99 (91.0%) E=0.0535uJ (8.4%) avg_bits_w=2.1
2026-04-04 14:59:53,636 - INFO -   Ep 119 | loss=-0.4910 SR=22.00 (91.1%) E=0.0535uJ (8.4%) avg_bits_w=2.1
2026-04-04 15:02:48,916 - INFO -   Ep 120 | loss=-0.4912 SR=22.00 (91.1%) E=0.0535uJ (8.4%) avg_bits_w=2.1
2026-04-04 15:02:49,911 - INFO -   λ=5.0 done — SR=22.00 (91.1%), E=0.0535uJ (8.4%)
2026-04-04 15:02:49,911 - INFO -  λ = 10.0
2026-04-04 15:02:49,946 - INFO -   Poids FP32 charges
2026-04-04 15:05:45,906 - INFO -   Ep   1 | loss=9.0330 SR=23.35 (96.7%) E=0.6367uJ (100.0%) avg_bits_w=8.0
2026-04-04 15:14:30,709 - INFO -   Ep   4 | loss=9.0315 SR=23.39 (96.8%) E=0.6367uJ (100.0%) avg_bits_w=8.0
2026-04-04 15:17:25,783 - INFO -   Ep   5 | loss=9.0284 SR=23.46 (97.2%) E=0.6367uJ (100.0%) avg_bits_w=8.0
2026-04-04 15:23:15,819 - INFO -   Ep   7 | loss=6.8446 SR=23.44 (97.1%) E=0.4976uJ (78.2%) avg_bits_w=7.0
2026-04-04 15:37:50,890 - INFO -   Ep  12 | loss=6.8438 SR=23.46 (97.1%) E=0.4976uJ (78.2%) avg_bits_w=7.0
2026-04-04 15:43:41,163 - INFO -   Ep  14 | loss=4.9118 SR=23.45 (97.1%) E=0.3746uJ (58.8%) avg_bits_w=6.0
2026-04-04 16:04:06,549 - INFO -   Ep  21 | loss=4.8939 SR=23.21 (96.1%) E=0.3728uJ (58.6%) avg_bits_w=6.0
2026-04-04 16:07:01,789 - INFO -   Ep  22 | loss=3.2502 SR=23.21 (96.1%) E=0.2681uJ (42.1%) avg_bits_w=5.0
2026-04-04 16:09:57,196 - INFO -   Ep  23 | loss=3.2492 SR=23.19 (96.0%) E=0.2680uJ (42.1%) avg_bits_w=5.0
2026-04-04 16:30:22,720 - INFO -   Ep  30 | loss=3.2431 SR=22.84 (94.6%) E=0.2667uJ (41.9%) avg_bits_w=5.0
2026-04-04 16:33:18,218 - INFO -   Ep  31 | loss=3.2417 SR=22.72 (94.1%) E=0.2663uJ (41.8%) avg_bits_w=5.0
2026-04-04 16:36:13,688 - INFO -   Ep  32 | loss=3.2319 SR=22.67 (93.9%) E=0.2655uJ (41.7%) avg_bits_w=5.0
2026-04-04 16:39:09,161 - INFO -   Ep  33 | loss=1.8614 SR=22.64 (93.7%) E=0.1782uJ (28.0%) avg_bits_w=4.0
2026-04-04 17:08:18,813 - INFO -   Ep  43 | loss=1.8585 SR=22.26 (92.2%) E=0.1770uJ (27.8%) avg_bits_w=4.0
2026-04-04 17:11:13,899 - INFO -   Ep  44 | loss=1.8562 SR=22.17 (91.8%) E=0.1767uJ (27.7%) avg_bits_w=4.0
2026-04-04 17:14:08,851 - INFO -   Ep  45 | loss=1.8530 SR=22.21 (92.0%) E=0.1766uJ (27.7%) avg_bits_w=4.0
2026-04-04 17:19:58,223 - INFO -   Ep  47 | loss=1.8442 SR=22.17 (91.8%) E=0.1759uJ (27.6%) avg_bits_w=4.0
2026-04-04 17:22:53,167 - INFO -   Ep  48 | loss=0.7947 SR=22.12 (91.6%) E=0.1089uJ (17.1%) avg_bits_w=3.1
2026-04-04 17:25:48,184 - INFO -   Ep  49 | loss=0.7716 SR=22.15 (91.7%) E=0.1075uJ (16.9%) avg_bits_w=3.1
2026-04-04 17:28:43,132 - INFO -   Ep  50 | loss=0.7482 SR=22.07 (91.4%) E=0.1058uJ (16.6%) avg_bits_w=3.0
2026-04-04 17:31:38,056 - INFO -   Ep  51 | loss=0.7409 SR=22.12 (91.6%) E=0.1055uJ (16.6%) avg_bits_w=3.0
2026-04-04 17:43:16,853 - INFO -   Ep  55 | loss=0.7398 SR=22.03 (91.2%) E=0.1052uJ (16.5%) avg_bits_w=3.0
2026-04-04 18:53:11,904 - INFO -   Ep  79 | loss=0.6941 SR=21.19 (87.8%) E=0.1001uJ (15.7%) avg_bits_w=2.9
2026-04-04 18:56:07,096 - INFO -   Ep  80 | loss=0.6277 SR=21.24 (88.0%) E=0.0960uJ (15.1%) avg_bits_w=2.9
2026-04-04 18:59:02,433 - INFO -   Ep  81 | loss=0.0416 SR=21.24 (87.9%) E=0.0586uJ (9.2%) avg_bits_w=2.2
2026-04-04 19:01:57,502 - INFO -   Ep  82 | loss=-0.0318 SR=21.24 (88.0%) E=0.0540uJ (8.5%) avg_bits_w=2.1
2026-04-04 19:04:52,643 - INFO -   Ep  83 | loss=-0.0523 SR=21.23 (87.9%) E=0.0527uJ (8.3%) avg_bits_w=2.1
2026-04-04 19:07:47,786 - INFO -   Ep  84 | loss=-0.0559 SR=21.21 (87.8%) E=0.0524uJ (8.2%) avg_bits_w=2.1
2026-04-04 19:16:32,453 - INFO -   Ep  87 | loss=-0.0569 SR=21.23 (87.9%) E=0.0524uJ (8.2%) avg_bits_w=2.1
2026-04-04 19:25:17,275 - INFO -   Ep  90 | loss=-0.0572 SR=21.24 (88.0%) E=0.0524uJ (8.2%) avg_bits_w=2.1
2026-04-04 19:31:07,180 - INFO -   Ep  92 | loss=-0.0582 SR=21.26 (88.1%) E=0.0524uJ (8.2%) avg_bits_w=2.1
2026-04-04 19:45:40,863 - INFO -   Ep  97 | loss=-0.0585 SR=21.27 (88.1%) E=0.0524uJ (8.2%) avg_bits_w=2.1
2026-04-04 19:48:35,902 - INFO -   Ep  98 | loss=-0.0586 SR=21.28 (88.1%) E=0.0524uJ (8.2%) avg_bits_w=2.1
2026-04-04 19:51:31,210 - INFO -   Ep  99 | loss=-0.0587 SR=21.28 (88.1%) E=0.0524uJ (8.2%) avg_bits_w=2.1
2026-04-04 19:57:21,028 - INFO -   Ep 101 | loss=-0.0588 SR=21.28 (88.1%) E=0.0524uJ (8.2%) avg_bits_w=2.1
2026-04-04 20:00:16,135 - INFO -   Ep 102 | loss=-0.0588 SR=21.28 (88.1%) E=0.0524uJ (8.2%) avg_bits_w=2.1
2026-04-04 20:09:00,199 - INFO -   Ep 105 | loss=-0.0596 SR=21.30 (88.2%) E=0.0524uJ (8.2%) avg_bits_w=2.1
2026-04-04 20:11:55,242 - INFO -   Ep 106 | loss=-0.0616 SR=21.35 (88.4%) E=0.0524uJ (8.2%) avg_bits_w=2.1
2026-04-04 20:20:39,109 - INFO -   Ep 109 | loss=-0.0618 SR=21.35 (88.4%) E=0.0524uJ (8.2%) avg_bits_w=2.1
2026-04-04 20:23:33,896 - INFO -   Ep 110 | loss=-0.0619 SR=21.36 (88.4%) E=0.0524uJ (8.2%) avg_bits_w=2.1
2026-04-04 20:26:28,929 - INFO -   Ep 111 | loss=-0.0622 SR=21.36 (88.5%) E=0.0524uJ (8.2%) avg_bits_w=2.1
2026-04-04 20:29:23,987 - INFO -   Ep 112 | loss=-0.0626 SR=21.37 (88.5%) E=0.0524uJ (8.2%) avg_bits_w=2.1
2026-04-04 20:32:18,916 - INFO -   Ep 113 | loss=-0.0633 SR=21.39 (88.6%) E=0.0524uJ (8.2%) avg_bits_w=2.1
2026-04-04 20:38:09,870 - INFO -   Ep 115 | loss=-0.0641 SR=21.41 (88.6%) E=0.0524uJ (8.2%) avg_bits_w=2.1
2026-04-04 20:44:01,095 - INFO -   Ep 117 | loss=-0.0644 SR=21.41 (88.7%) E=0.0524uJ (8.2%) avg_bits_w=2.1
2026-04-04 20:47:00,391 - INFO -   Ep 118 | loss=-0.0648 SR=21.42 (88.7%) E=0.0524uJ (8.2%) avg_bits_w=2.1
2026-04-04 20:50:02,809 - INFO -   Ep 119 | loss=-0.0653 SR=21.44 (88.8%) E=0.0524uJ (8.2%) avg_bits_w=2.1
2026-04-04 20:53:02,557 - INFO -   Ep 120 | loss=-0.0656 SR=21.44 (88.8%) E=0.0524uJ (8.2%) avg_bits_w=2.1
2026-04-04 20:53:03,566 - INFO -   λ=10.0 done — SR=21.44 (88.8%), E=0.0524uJ (8.2%)
2026-04-04 20:53:03,567 - INFO -  λ = 20.0
2026-04-04 20:53:03,589 - INFO -   Poids FP32 charges
2026-04-04 20:56:01,483 - INFO -   Ep   1 | loss=19.0321 SR=23.37 (96.8%) E=0.6367uJ (100.0%) avg_bits_w=8.0
2026-04-04 21:02:03,001 - INFO -   Ep   3 | loss=19.0307 SR=23.41 (96.9%) E=0.6367uJ (100.0%) avg_bits_w=8.0
2026-04-04 21:05:09,109 - INFO -   Ep   4 | loss=19.0301 SR=23.42 (97.0%) E=0.6367uJ (100.0%) avg_bits_w=8.0
2026-04-04 21:11:14,640 - INFO -   Ep   6 | loss=19.0287 SR=23.46 (97.1%) E=0.6367uJ (100.0%) avg_bits_w=8.0
2026-04-04 21:14:21,387 - INFO -   Ep   7 | loss=14.6611 SR=23.41 (96.9%) E=0.4976uJ (78.2%) avg_bits_w=7.0
2026-04-04 21:28:12,261 - INFO -   Ep  13 | loss=10.7992 SR=23.34 (96.7%) E=0.3746uJ (58.8%) avg_bits_w=6.0
2026-04-04 21:40:43,655 - INFO -   Ep  19 | loss=10.7542 SR=23.09 (95.6%) E=0.3728uJ (58.6%) avg_bits_w=6.0
2026-04-04 21:42:46,504 - INFO -   Ep  20 | loss=7.4611 SR=23.05 (95.4%) E=0.2679uJ (42.1%) avg_bits_w=5.0
2026-04-04 21:55:00,983 - INFO -   Ep  26 | loss=4.7777 SR=22.39 (92.7%) E=0.1816uJ (28.5%) avg_bits_w=4.1
2026-04-04 21:57:03,788 - INFO -   Ep  27 | loss=4.6664 SR=22.41 (92.8%) E=0.1781uJ (28.0%) avg_bits_w=4.0
2026-04-04 22:11:24,859 - INFO -   Ep  34 | loss=4.6459 SR=21.73 (90.0%) E=0.1766uJ (27.7%) avg_bits_w=4.0
2026-04-04 22:13:28,303 - INFO -   Ep  35 | loss=2.4572 SR=21.72 (89.9%) E=0.1069uJ (16.8%) avg_bits_w=3.1
2026-04-04 22:15:31,697 - INFO -   Ep  36 | loss=2.4175 SR=21.64 (89.6%) E=0.1055uJ (16.6%) avg_bits_w=3.0
2026-04-04 22:38:01,184 - INFO -   Ep  47 | loss=2.4048 SR=20.64 (85.4%) E=0.1038uJ (16.3%) avg_bits_w=3.0
2026-04-04 22:40:04,152 - INFO -   Ep  48 | loss=0.7894 SR=20.59 (85.2%) E=0.0523uJ (8.2%) avg_bits_w=2.1
2026-04-04 22:42:06,959 - INFO -   Ep  49 | loss=0.7802 SR=20.58 (85.2%) E=0.0520uJ (8.2%) avg_bits_w=2.1
2026-04-04 22:44:09,529 - INFO -   Ep  50 | loss=0.7501 SR=20.53 (85.0%) E=0.0510uJ (8.0%) avg_bits_w=2.0
2026-04-04 22:46:12,107 - INFO -   Ep  51 | loss=0.7409 SR=20.53 (85.0%) E=0.0507uJ (8.0%) avg_bits_w=2.0
2026-04-04 22:48:14,665 - INFO -   Ep  52 | loss=0.7382 SR=20.60 (85.3%) E=0.0507uJ (8.0%) avg_bits_w=2.0
2026-04-04 23:35:19,523 - INFO -   Ep  75 | loss=0.5994 SR=19.89 (82.3%) E=0.0453uJ (7.1%) avg_bits_w=1.9
2026-04-04 23:37:22,168 - INFO -   Ep  76 | loss=0.1875 SR=19.89 (82.4%) E=0.0322uJ (5.1%) avg_bits_w=1.5
2026-04-04 23:39:24,639 - INFO -   Ep  77 | loss=-0.1439 SR=19.90 (82.4%) E=0.0217uJ (3.4%) avg_bits_w=1.2
2026-04-04 23:41:27,274 - INFO -   Ep  78 | loss=-0.2249 SR=19.87 (82.3%) E=0.0190uJ (3.0%) avg_bits_w=1.1
2026-04-04 23:43:30,027 - INFO -   Ep  79 | loss=-0.2490 SR=19.96 (82.6%) E=0.0184uJ (2.9%) avg_bits_w=1.1
2026-04-04 23:55:45,220 - INFO -   Ep  85 | loss=-0.2497 SR=19.97 (82.7%) E=0.0184uJ (2.9%) avg_bits_w=1.1
2026-04-04 23:57:48,023 - INFO -   Ep  86 | loss=-0.2504 SR=19.99 (82.8%) E=0.0184uJ (2.9%) avg_bits_w=1.1
2026-04-05 00:14:21,132 - INFO -   Ep  94 | loss=-0.2518 SR=20.02 (82.9%) E=0.0184uJ (2.9%) avg_bits_w=1.1
2026-04-05 00:22:33,623 - INFO -   Ep  98 | loss=-0.2521 SR=20.03 (82.9%) E=0.0184uJ (2.9%) avg_bits_w=1.1
2026-04-05 00:24:36,507 - INFO -   Ep  99 | loss=-0.2535 SR=20.07 (83.1%) E=0.0184uJ (2.9%) avg_bits_w=1.1
2026-04-05 00:36:55,622 - INFO -   Ep 105 | loss=-0.2540 SR=20.08 (83.1%) E=0.0184uJ (2.9%) avg_bits_w=1.1
2026-04-05 00:41:05,661 - INFO -   Ep 107 | loss=-0.2563 SR=20.13 (83.4%) E=0.0184uJ (2.9%) avg_bits_w=1.1
2026-04-05 00:55:26,224 - INFO -   Ep 114 | loss=-0.2579 SR=20.17 (83.5%) E=0.0184uJ (2.9%) avg_bits_w=1.1
2026-04-05 00:57:29,220 - INFO -   Ep 115 | loss=-0.2607 SR=20.24 (83.8%) E=0.0184uJ (2.9%) avg_bits_w=1.1
2026-04-05 01:03:37,384 - INFO -   Ep 118 | loss=-0.2608 SR=20.24 (83.8%) E=0.0184uJ (2.9%) avg_bits_w=1.1
2026-04-05 01:05:40,467 - INFO -   Ep 119 | loss=-0.2620 SR=20.27 (83.9%) E=0.0184uJ (2.9%) avg_bits_w=1.1
2026-04-05 01:07:43,462 - INFO -   Ep 120 | loss=-0.2624 SR=20.28 (84.0%) E=0.0184uJ (2.9%) avg_bits_w=1.1
2026-04-05 01:07:44,463 - INFO -   λ=20.0 done — SR=20.28 (84.0%), E=0.0184uJ (2.9%)
2026-04-05 01:07:45,460 - INFO -  Pipeline termine — /export/tmp/sala/results_fpga/FPGA_small_fpga_stecath
