2026-04-03 22:06:07,699 - INFO - run_name   = FPGA_tiny_fpga_stecath
2026-04-03 22:06:07,699 - INFO - run_dir    = /export/tmp/sala/results_fpga/FPGA_tiny_fpga_stecath
2026-04-03 22:06:07,699 - INFO - lambdas    = [1.0, 2.0, 5.0, 10.0, 20.0]
2026-04-03 22:06:07,699 - INFO - output_dir = /export/tmp/sala/results_fpga
2026-04-03 22:06:30,702 - INFO - 
======================================================================
2026-04-03 22:06:30,702 - INFO -  PHASE 1 — FP32 Pretraining
2026-04-03 22:06:30,702 - INFO - ======================================================================
2026-04-03 22:06:30,976 - INFO - Modele : tiny_fpga — 348,096 parametres
2026-04-03 22:10:04,792 - INFO -   Ep  10/100 | SR=20.5462 (best=20.6000) | LR=9.76e-04
2026-04-03 22:13:38,819 - INFO -   Ep  20/100 | SR=21.6125 (best=21.6125) | LR=9.05e-04
2026-04-03 22:17:18,367 - INFO -   Ep  30/100 | SR=22.2362 (best=22.2362) | LR=7.94e-04
2026-04-03 22:20:57,575 - INFO -   Ep  40/100 | SR=22.5500 (best=22.5500) | LR=6.55e-04
2026-04-03 22:24:36,441 - INFO -   Ep  50/100 | SR=22.7513 (best=22.7513) | LR=5.01e-04
2026-04-03 22:28:17,606 - INFO -   Ep  60/100 | SR=22.8828 (best=22.8828) | LR=3.46e-04
2026-04-03 22:32:03,923 - INFO -   Ep  70/100 | SR=22.9850 (best=22.9850) | LR=2.07e-04
2026-04-03 22:35:50,860 - INFO -   Ep  80/100 | SR=23.0472 (best=23.0472) | LR=9.64e-05
2026-04-03 22:39:38,807 - INFO -   Ep  90/100 | SR=23.0805 (best=23.0805) | LR=2.54e-05
2026-04-03 22:43:25,007 - INFO -   Ep 100/100 | SR=23.0894 (best=23.0894) | LR=1.00e-06
2026-04-03 22:43:25,341 - INFO - Phase 1 terminee — SR=23.0894, E_8bit=0.2697uJ (14 couches)
2026-04-03 22:43:25,342 - INFO - Baseline — SR=23.0894, E_8bit=0.2697uJ
2026-04-03 22:43:25,342 - INFO - 
======================================================================
2026-04-03 22:43:25,342 - INFO -  PHASE 2 — Quantization sweep  λ=[1.0, 2.0, 5.0, 10.0, 20.0]
2026-04-03 22:43:25,342 - INFO - ======================================================================
2026-04-03 22:43:25,342 - INFO -  λ = 1.0
2026-04-03 22:43:25,390 - INFO -   Poids FP32 charges
2026-04-03 22:45:45,128 - INFO -   Ep   1 | loss=0.0291 SR=22.42 (97.1%) E=0.2697uJ (100.0%) avg_bits_w=8.0
2026-04-03 22:48:05,258 - INFO -   Ep   2 | loss=0.0257 SR=22.50 (97.4%) E=0.2697uJ (100.0%) avg_bits_w=8.0
2026-04-03 22:50:20,530 - INFO -   Ep   3 | loss=0.0257 SR=22.50 (97.4%) E=0.2697uJ (100.0%) avg_bits_w=8.0
2026-04-03 22:52:35,997 - INFO -   Ep   4 | loss=0.0251 SR=22.51 (97.5%) E=0.2697uJ (100.0%) avg_bits_w=8.0
2026-04-03 22:54:51,201 - INFO -   Ep   5 | loss=0.0239 SR=22.54 (97.6%) E=0.2697uJ (100.0%) avg_bits_w=8.0
2026-04-03 22:57:06,767 - INFO -   Ep   6 | loss=0.0233 SR=22.55 (97.7%) E=0.2697uJ (100.0%) avg_bits_w=8.0
2026-04-03 22:59:22,030 - INFO -   Ep   7 | loss=-0.1930 SR=22.55 (97.7%) E=0.2114uJ (78.4%) avg_bits_w=7.0
2026-04-03 23:01:37,504 - INFO -   Ep   8 | loss=-0.1948 SR=22.56 (97.7%) E=0.2110uJ (78.2%) avg_bits_w=7.0
2026-04-03 23:12:51,107 - INFO -   Ep  13 | loss=-0.1949 SR=22.54 (97.6%) E=0.2108uJ (78.1%) avg_bits_w=7.0
2026-04-03 23:15:02,429 - INFO -   Ep  14 | loss=-0.3846 SR=22.53 (97.6%) E=0.1595uJ (59.1%) avg_bits_w=6.0
2026-04-03 23:17:16,062 - INFO -   Ep  15 | loss=-0.3850 SR=22.52 (97.5%) E=0.1592uJ (59.0%) avg_bits_w=6.0
2026-04-03 23:33:28,463 - INFO -   Ep  22 | loss=-0.5169 SR=22.40 (97.0%) E=0.1223uJ (45.3%) avg_bits_w=5.2
2026-04-03 23:35:52,558 - INFO -   Ep  23 | loss=-0.5450 SR=22.40 (97.0%) E=0.1146uJ (42.5%) avg_bits_w=5.0
2026-04-03 23:59:41,076 - INFO -   Ep  33 | loss=-0.6364 SR=22.11 (95.7%) E=0.0866uJ (32.1%) avg_bits_w=4.4
2026-04-04 00:02:02,316 - INFO -   Ep  34 | loss=-0.6698 SR=22.13 (95.8%) E=0.0778uJ (28.9%) avg_bits_w=4.1
2026-04-04 00:35:21,495 - INFO -   Ep  49 | loss=-0.7288 SR=21.85 (94.6%) E=0.0586uJ (21.7%) avg_bits_w=3.5
2026-04-04 00:37:35,817 - INFO -   Ep  50 | loss=-0.7392 SR=21.84 (94.6%) E=0.0557uJ (20.6%) avg_bits_w=3.4
2026-04-04 00:39:50,048 - INFO -   Ep  51 | loss=-0.7499 SR=21.85 (94.6%) E=0.0529uJ (19.6%) avg_bits_w=3.3
2026-04-04 00:44:26,249 - INFO -   Ep  53 | loss=-0.7596 SR=21.82 (94.5%) E=0.0500uJ (18.5%) avg_bits_w=3.1
2026-04-04 00:46:44,485 - INFO -   Ep  54 | loss=-0.7716 SR=21.86 (94.7%) E=0.0473uJ (17.5%) avg_bits_w=3.1
2026-04-04 02:06:13,977 - INFO -   Ep  89 | loss=-0.7726 SR=21.56 (93.4%) E=0.0435uJ (16.1%) avg_bits_w=2.9
2026-04-04 02:08:29,203 - INFO -   Ep  90 | loss=-0.7799 SR=21.56 (93.4%) E=0.0415uJ (15.4%) avg_bits_w=2.9
2026-04-04 02:10:44,449 - INFO -   Ep  91 | loss=-0.7802 SR=21.56 (93.4%) E=0.0415uJ (15.4%) avg_bits_w=2.9
2026-04-04 02:12:59,680 - INFO -   Ep  92 | loss=-0.7806 SR=21.57 (93.4%) E=0.0415uJ (15.4%) avg_bits_w=2.9
2026-04-04 02:17:29,516 - INFO -   Ep  94 | loss=-0.7888 SR=21.59 (93.5%) E=0.0394uJ (14.6%) avg_bits_w=2.8
2026-04-04 02:19:44,432 - INFO -   Ep  95 | loss=-0.7960 SR=21.58 (93.5%) E=0.0374uJ (13.9%) avg_bits_w=2.7
2026-04-04 02:21:59,624 - INFO -   Ep  96 | loss=-0.8036 SR=21.58 (93.5%) E=0.0353uJ (13.1%) avg_bits_w=2.6
2026-04-04 02:24:14,806 - INFO -   Ep  97 | loss=-0.8037 SR=21.58 (93.5%) E=0.0353uJ (13.1%) avg_bits_w=2.6
2026-04-04 02:26:30,142 - INFO -   Ep  98 | loss=-0.8045 SR=21.60 (93.5%) E=0.0353uJ (13.1%) avg_bits_w=2.6
2026-04-04 02:30:59,118 - INFO -   Ep 100 | loss=-0.8132 SR=21.63 (93.7%) E=0.0333uJ (12.3%) avg_bits_w=2.6
2026-04-04 02:37:40,448 - INFO -   Ep 103 | loss=-0.8139 SR=21.64 (93.7%) E=0.0333uJ (12.3%) avg_bits_w=2.6
2026-04-04 02:39:53,838 - INFO -   Ep 104 | loss=-0.8149 SR=21.67 (93.8%) E=0.0333uJ (12.3%) avg_bits_w=2.6
2026-04-04 02:46:35,087 - INFO -   Ep 107 | loss=-0.8156 SR=21.68 (93.9%) E=0.0333uJ (12.3%) avg_bits_w=2.6
2026-04-04 02:48:48,866 - INFO -   Ep 108 | loss=-0.8234 SR=21.69 (93.9%) E=0.0312uJ (11.6%) avg_bits_w=2.5
2026-04-04 02:51:02,605 - INFO -   Ep 109 | loss=-0.8236 SR=21.69 (93.9%) E=0.0312uJ (11.6%) avg_bits_w=2.5
2026-04-04 02:53:16,508 - INFO -   Ep 110 | loss=-0.8240 SR=21.70 (94.0%) E=0.0312uJ (11.6%) avg_bits_w=2.5
2026-04-04 02:55:30,374 - INFO -   Ep 111 | loss=-0.8248 SR=21.72 (94.1%) E=0.0312uJ (11.6%) avg_bits_w=2.5
2026-04-04 02:57:44,311 - INFO -   Ep 112 | loss=-0.8250 SR=21.72 (94.1%) E=0.0312uJ (11.6%) avg_bits_w=2.5
2026-04-04 02:59:58,197 - INFO -   Ep 113 | loss=-0.8257 SR=21.74 (94.2%) E=0.0312uJ (11.6%) avg_bits_w=2.5
2026-04-04 03:02:11,582 - INFO -   Ep 114 | loss=-0.8259 SR=21.74 (94.2%) E=0.0312uJ (11.6%) avg_bits_w=2.5
2026-04-04 03:04:25,075 - INFO -   Ep 115 | loss=-0.8264 SR=21.76 (94.2%) E=0.0312uJ (11.6%) avg_bits_w=2.5
2026-04-04 03:06:38,449 - INFO -   Ep 116 | loss=-0.8266 SR=21.76 (94.2%) E=0.0312uJ (11.6%) avg_bits_w=2.5
2026-04-04 03:08:52,010 - INFO -   Ep 117 | loss=-0.8274 SR=21.78 (94.3%) E=0.0312uJ (11.6%) avg_bits_w=2.5
2026-04-04 03:11:05,146 - INFO -   Ep 118 | loss=-0.8280 SR=21.79 (94.4%) E=0.0312uJ (11.6%) avg_bits_w=2.5
2026-04-04 03:13:15,732 - INFO -   Ep 119 | loss=-0.8281 SR=21.79 (94.4%) E=0.0312uJ (11.6%) avg_bits_w=2.5
2026-04-04 03:15:26,470 - INFO -   Ep 120 | loss=-0.8283 SR=21.80 (94.4%) E=0.0312uJ (11.6%) avg_bits_w=2.5
2026-04-04 03:15:27,509 - INFO -   λ=1.0 done — SR=21.80 (94.4%), E=0.0312uJ (11.6%)
2026-04-04 03:15:27,509 - INFO -  λ = 2.0
2026-04-04 03:15:27,526 - INFO -   Poids FP32 charges
2026-04-04 03:17:38,548 - INFO -   Ep   1 | loss=1.0253 SR=22.51 (97.5%) E=0.2697uJ (100.0%) avg_bits_w=8.0
2026-04-04 03:24:09,980 - INFO -   Ep   4 | loss=1.0246 SR=22.52 (97.5%) E=0.2697uJ (100.0%) avg_bits_w=8.0
2026-04-04 03:26:21,014 - INFO -   Ep   5 | loss=1.0238 SR=22.54 (97.6%) E=0.2697uJ (100.0%) avg_bits_w=8.0
2026-04-04 03:28:31,662 - INFO -   Ep   6 | loss=1.0226 SR=22.57 (97.7%) E=0.2697uJ (100.0%) avg_bits_w=8.0
2026-04-04 03:30:45,211 - INFO -   Ep   7 | loss=0.5889 SR=22.53 (97.6%) E=0.2110uJ (78.2%) avg_bits_w=7.0
2026-04-04 03:33:03,252 - INFO -   Ep   8 | loss=0.5875 SR=22.52 (97.5%) E=0.2108uJ (78.1%) avg_bits_w=7.0
2026-04-04 03:42:14,817 - INFO -   Ep  12 | loss=0.5860 SR=22.56 (97.7%) E=0.2108uJ (78.1%) avg_bits_w=7.0
2026-04-04 03:46:49,959 - INFO -   Ep  14 | loss=0.2044 SR=22.52 (97.5%) E=0.1591uJ (59.0%) avg_bits_w=6.0
2026-04-04 03:49:07,847 - INFO -   Ep  15 | loss=0.2029 SR=22.49 (97.4%) E=0.1587uJ (58.8%) avg_bits_w=6.0
2026-04-04 04:05:07,653 - INFO -   Ep  22 | loss=-0.1081 SR=22.26 (96.4%) E=0.1154uJ (42.8%) avg_bits_w=5.1
2026-04-04 04:07:22,440 - INFO -   Ep  23 | loss=-0.1177 SR=22.27 (96.5%) E=0.1142uJ (42.3%) avg_bits_w=5.0
2026-04-04 04:09:33,151 - INFO -   Ep  24 | loss=-0.1179 SR=22.19 (96.1%) E=0.1137uJ (42.2%) avg_bits_w=5.0
2026-04-04 04:14:03,664 - INFO -   Ep  26 | loss=-0.1180 SR=22.18 (96.1%) E=0.1137uJ (42.1%) avg_bits_w=5.0
2026-04-04 04:16:21,631 - INFO -   Ep  27 | loss=-0.1180 SR=22.16 (96.0%) E=0.1135uJ (42.1%) avg_bits_w=5.0
2026-04-04 04:30:04,301 - INFO -   Ep  33 | loss=-0.3777 SR=21.93 (95.0%) E=0.0772uJ (28.6%) avg_bits_w=4.1
2026-04-04 04:32:22,035 - INFO -   Ep  34 | loss=-0.3793 SR=21.97 (95.2%) E=0.0772uJ (28.6%) avg_bits_w=4.1
2026-04-04 04:34:39,753 - INFO -   Ep  35 | loss=-0.3855 SR=21.97 (95.1%) E=0.0763uJ (28.3%) avg_bits_w=4.0
2026-04-04 05:06:42,509 - INFO -   Ep  49 | loss=-0.5376 SR=21.52 (93.2%) E=0.0532uJ (19.7%) avg_bits_w=3.4
2026-04-04 05:09:00,330 - INFO -   Ep  50 | loss=-0.5884 SR=21.54 (93.3%) E=0.0465uJ (17.2%) avg_bits_w=3.1
2026-04-04 05:11:18,066 - INFO -   Ep  51 | loss=-0.5885 SR=21.54 (93.3%) E=0.0465uJ (17.2%) avg_bits_w=3.1
2026-04-04 05:15:53,134 - INFO -   Ep  53 | loss=-0.5887 SR=21.52 (93.2%) E=0.0463uJ (17.2%) avg_bits_w=3.1
2026-04-04 05:18:10,931 - INFO -   Ep  54 | loss=-0.5888 SR=21.50 (93.1%) E=0.0462uJ (17.1%) avg_bits_w=3.1
2026-04-04 06:26:51,926 - INFO -   Ep  84 | loss=-0.5981 SR=21.01 (91.0%) E=0.0421uJ (15.6%) avg_bits_w=2.9
2026-04-04 06:29:09,626 - INFO -   Ep  85 | loss=-0.6427 SR=20.99 (90.9%) E=0.0359uJ (13.3%) avg_bits_w=2.6
2026-04-04 06:31:27,236 - INFO -   Ep  86 | loss=-0.6595 SR=21.03 (91.1%) E=0.0339uJ (12.6%) avg_bits_w=2.6
2026-04-04 06:33:44,892 - INFO -   Ep  87 | loss=-0.6895 SR=21.02 (91.0%) E=0.0298uJ (11.0%) avg_bits_w=2.4
2026-04-04 06:40:37,277 - INFO -   Ep  90 | loss=-0.6971 SR=21.02 (91.0%) E=0.0287uJ (10.7%) avg_bits_w=2.4
2026-04-04 06:47:29,365 - INFO -   Ep  93 | loss=-0.6980 SR=21.04 (91.1%) E=0.0287uJ (10.7%) avg_bits_w=2.4
2026-04-04 06:49:46,780 - INFO -   Ep  94 | loss=-0.6982 SR=21.02 (91.0%) E=0.0286uJ (10.6%) avg_bits_w=2.4
2026-04-04 06:52:04,484 - INFO -   Ep  95 | loss=-0.6992 SR=21.04 (91.1%) E=0.0286uJ (10.6%) avg_bits_w=2.4
2026-04-04 06:54:23,314 - INFO -   Ep  96 | loss=-0.7000 SR=21.06 (91.2%) E=0.0286uJ (10.6%) avg_bits_w=2.4
2026-04-04 06:58:57,223 - INFO -   Ep  98 | loss=-0.7003 SR=21.07 (91.2%) E=0.0286uJ (10.6%) avg_bits_w=2.4
2026-04-04 07:01:15,023 - INFO -   Ep  99 | loss=-0.7045 SR=21.08 (91.3%) E=0.0281uJ (10.4%) avg_bits_w=2.3
2026-04-04 07:08:07,100 - INFO -   Ep 102 | loss=-0.7065 SR=21.10 (91.4%) E=0.0279uJ (10.4%) avg_bits_w=2.3
2026-04-04 07:10:24,700 - INFO -   Ep 103 | loss=-0.7067 SR=21.10 (91.4%) E=0.0279uJ (10.4%) avg_bits_w=2.3
2026-04-04 07:12:42,233 - INFO -   Ep 104 | loss=-0.7072 SR=21.11 (91.4%) E=0.0279uJ (10.4%) avg_bits_w=2.3
2026-04-04 07:14:59,805 - INFO -   Ep 105 | loss=-0.7075 SR=21.12 (91.5%) E=0.0279uJ (10.4%) avg_bits_w=2.3
2026-04-04 07:17:17,445 - INFO -   Ep 106 | loss=-0.7085 SR=21.14 (91.6%) E=0.0279uJ (10.4%) avg_bits_w=2.3
2026-04-04 07:24:09,387 - INFO -   Ep 109 | loss=-0.7089 SR=21.15 (91.6%) E=0.0279uJ (10.4%) avg_bits_w=2.3
2026-04-04 07:28:44,326 - INFO -   Ep 111 | loss=-0.7093 SR=21.16 (91.6%) E=0.0279uJ (10.4%) avg_bits_w=2.3
2026-04-04 07:31:01,906 - INFO -   Ep 112 | loss=-0.7103 SR=21.18 (91.7%) E=0.0279uJ (10.4%) avg_bits_w=2.3
2026-04-04 07:33:19,598 - INFO -   Ep 113 | loss=-0.7115 SR=21.18 (91.8%) E=0.0278uJ (10.3%) avg_bits_w=2.3
2026-04-04 07:37:54,670 - INFO -   Ep 115 | loss=-0.7125 SR=21.21 (91.9%) E=0.0278uJ (10.3%) avg_bits_w=2.3
2026-04-04 07:40:12,480 - INFO -   Ep 116 | loss=-0.7131 SR=21.22 (91.9%) E=0.0278uJ (10.3%) avg_bits_w=2.3
2026-04-04 07:42:29,811 - INFO -   Ep 117 | loss=-0.7131 SR=21.22 (91.9%) E=0.0278uJ (10.3%) avg_bits_w=2.3
2026-04-04 07:44:47,348 - INFO -   Ep 118 | loss=-0.7138 SR=21.24 (92.0%) E=0.0278uJ (10.3%) avg_bits_w=2.3
2026-04-04 07:49:21,569 - INFO -   Ep 120 | loss=-0.7142 SR=21.25 (92.0%) E=0.0278uJ (10.3%) avg_bits_w=2.3
2026-04-04 07:49:22,729 - INFO -   λ=2.0 done — SR=21.25 (92.0%), E=0.0278uJ (10.3%)
2026-04-04 07:49:22,729 - INFO -  λ = 5.0
2026-04-04 07:49:22,746 - INFO -   Poids FP32 charges
2026-04-04 07:51:41,151 - INFO -   Ep   1 | loss=4.0257 SR=22.50 (97.4%) E=0.2697uJ (100.0%) avg_bits_w=8.0
2026-04-04 07:56:16,407 - INFO -   Ep   3 | loss=4.0253 SR=22.51 (97.5%) E=0.2697uJ (100.0%) avg_bits_w=8.0
2026-04-04 07:58:34,036 - INFO -   Ep   4 | loss=4.0241 SR=22.53 (97.6%) E=0.2697uJ (100.0%) avg_bits_w=8.0
2026-04-04 08:03:08,873 - INFO -   Ep   6 | loss=4.0229 SR=22.56 (97.7%) E=0.2697uJ (100.0%) avg_bits_w=8.0
2026-04-04 08:05:26,458 - INFO -   Ep   7 | loss=2.9317 SR=22.53 (97.6%) E=0.2108uJ (78.1%) avg_bits_w=7.0
2026-04-04 08:14:35,690 - INFO -   Ep  11 | loss=2.9312 SR=22.54 (97.6%) E=0.2108uJ (78.1%) avg_bits_w=7.0
2026-04-04 08:16:53,299 - INFO -   Ep  12 | loss=2.9310 SR=22.54 (97.6%) E=0.2108uJ (78.1%) avg_bits_w=7.0
2026-04-04 08:21:27,871 - INFO -   Ep  14 | loss=1.9676 SR=22.50 (97.5%) E=0.1587uJ (58.8%) avg_bits_w=6.0
2026-04-04 08:39:44,304 - INFO -   Ep  22 | loss=1.1660 SR=22.22 (96.3%) E=0.1148uJ (42.6%) avg_bits_w=5.1
2026-04-04 08:42:01,928 - INFO -   Ep  23 | loss=1.1427 SR=22.21 (96.2%) E=0.1135uJ (42.1%) avg_bits_w=5.0
2026-04-04 09:04:55,748 - INFO -   Ep  33 | loss=0.4817 SR=21.72 (94.1%) E=0.0767uJ (28.4%) avg_bits_w=4.1
2026-04-04 09:07:13,536 - INFO -   Ep  34 | loss=0.4586 SR=21.72 (94.1%) E=0.0755uJ (28.0%) avg_bits_w=4.0
2026-04-04 09:39:17,014 - INFO -   Ep  48 | loss=0.1702 SR=21.11 (91.4%) E=0.0585uJ (21.7%) avg_bits_w=3.5
2026-04-04 09:41:34,616 - INFO -   Ep  49 | loss=-0.0613 SR=21.15 (91.6%) E=0.0461uJ (17.1%) avg_bits_w=3.1
2026-04-04 09:46:09,483 - INFO -   Ep  51 | loss=-0.0649 SR=21.11 (91.4%) E=0.0458uJ (17.0%) avg_bits_w=3.1
2026-04-04 09:48:27,095 - INFO -   Ep  52 | loss=-0.0769 SR=21.10 (91.4%) E=0.0451uJ (16.7%) avg_bits_w=3.0
2026-04-04 09:50:44,510 - INFO -   Ep  53 | loss=-0.0775 SR=21.11 (91.4%) E=0.0451uJ (16.7%) avg_bits_w=3.0
2026-04-04 09:55:19,277 - INFO -   Ep  55 | loss=-0.0825 SR=21.08 (91.3%) E=0.0448uJ (16.6%) avg_bits_w=3.0
2026-04-04 10:57:53,503 - INFO -   Ep  82 | loss=-0.2848 SR=20.38 (88.3%) E=0.0322uJ (12.0%) avg_bits_w=2.5
2026-04-04 11:00:20,158 - INFO -   Ep  83 | loss=-0.3613 SR=20.39 (88.3%) E=0.0281uJ (10.4%) avg_bits_w=2.4
2026-04-04 11:02:37,913 - INFO -   Ep  84 | loss=-0.3654 SR=20.42 (88.4%) E=0.0280uJ (10.4%) avg_bits_w=2.4
2026-04-04 11:04:55,609 - INFO -   Ep  85 | loss=-0.3707 SR=20.41 (88.4%) E=0.0277uJ (10.3%) avg_bits_w=2.4
2026-04-04 11:07:13,512 - INFO -   Ep  86 | loss=-0.3833 SR=20.42 (88.4%) E=0.0270uJ (10.0%) avg_bits_w=2.3
2026-04-04 11:09:31,164 - INFO -   Ep  87 | loss=-0.4207 SR=20.41 (88.4%) E=0.0250uJ (9.3%) avg_bits_w=2.2
2026-04-04 11:11:48,942 - INFO -   Ep  88 | loss=-0.4435 SR=20.43 (88.5%) E=0.0238uJ (8.8%) avg_bits_w=2.1
2026-04-04 11:14:06,731 - INFO -   Ep  89 | loss=-0.4629 SR=20.43 (88.5%) E=0.0228uJ (8.4%) avg_bits_w=2.1
2026-04-04 11:18:41,681 - INFO -   Ep  91 | loss=-0.4641 SR=20.46 (88.6%) E=0.0228uJ (8.4%) avg_bits_w=2.1
2026-04-04 11:25:33,815 - INFO -   Ep  94 | loss=-0.4647 SR=20.47 (88.7%) E=0.0228uJ (8.4%) avg_bits_w=2.1
2026-04-04 11:43:52,505 - INFO -   Ep 102 | loss=-0.4664 SR=20.51 (88.8%) E=0.0228uJ (8.4%) avg_bits_w=2.1
2026-04-04 11:57:37,135 - INFO -   Ep 108 | loss=-0.4668 SR=20.52 (88.9%) E=0.0228uJ (8.4%) avg_bits_w=2.1
2026-04-04 11:59:54,878 - INFO -   Ep 109 | loss=-0.4669 SR=20.52 (88.9%) E=0.0228uJ (8.4%) avg_bits_w=2.1
2026-04-04 12:02:12,504 - INFO -   Ep 110 | loss=-0.4675 SR=20.53 (88.9%) E=0.0228uJ (8.4%) avg_bits_w=2.1
2026-04-04 12:04:30,165 - INFO -   Ep 111 | loss=-0.4687 SR=20.56 (89.1%) E=0.0228uJ (8.4%) avg_bits_w=2.1
2026-04-04 12:09:04,799 - INFO -   Ep 113 | loss=-0.4689 SR=20.57 (89.1%) E=0.0228uJ (8.4%) avg_bits_w=2.1
2026-04-04 12:11:22,184 - INFO -   Ep 114 | loss=-0.4703 SR=20.60 (89.2%) E=0.0228uJ (8.4%) avg_bits_w=2.1
2026-04-04 12:15:56,678 - INFO -   Ep 116 | loss=-0.4706 SR=20.61 (89.2%) E=0.0228uJ (8.4%) avg_bits_w=2.1
2026-04-04 12:18:14,241 - INFO -   Ep 117 | loss=-0.4744 SR=20.63 (89.3%) E=0.0226uJ (8.4%) avg_bits_w=2.1
2026-04-04 12:22:49,006 - INFO -   Ep 119 | loss=-0.4746 SR=20.63 (89.4%) E=0.0226uJ (8.4%) avg_bits_w=2.1
2026-04-04 12:25:06,435 - INFO -   Ep 120 | loss=-0.4750 SR=20.64 (89.4%) E=0.0226uJ (8.4%) avg_bits_w=2.1
2026-04-04 12:25:07,483 - INFO -   λ=5.0 done — SR=20.64 (89.4%), E=0.0226uJ (8.4%)
2026-04-04 12:25:07,483 - INFO -  λ = 10.0
2026-04-04 12:25:07,500 - INFO -   Poids FP32 charges
2026-04-04 12:27:25,392 - INFO -   Ep   1 | loss=9.0277 SR=22.45 (97.2%) E=0.2697uJ (100.0%) avg_bits_w=8.0
2026-04-04 12:32:00,317 - INFO -   Ep   3 | loss=9.0248 SR=22.52 (97.5%) E=0.2697uJ (100.0%) avg_bits_w=8.0
2026-04-04 12:34:17,859 - INFO -   Ep   4 | loss=9.0239 SR=22.54 (97.6%) E=0.2697uJ (100.0%) avg_bits_w=8.0
2026-04-04 12:38:52,385 - INFO -   Ep   6 | loss=9.0237 SR=22.54 (97.6%) E=0.2697uJ (100.0%) avg_bits_w=8.0
2026-04-04 12:41:09,928 - INFO -   Ep   7 | loss=6.8412 SR=22.48 (97.4%) E=0.2108uJ (78.1%) avg_bits_w=7.0
2026-04-04 12:48:01,749 - INFO -   Ep  10 | loss=6.8407 SR=22.49 (97.4%) E=0.2108uJ (78.1%) avg_bits_w=7.0
2026-04-04 12:54:55,486 - INFO -   Ep  13 | loss=4.9108 SR=22.43 (97.1%) E=0.1586uJ (58.8%) avg_bits_w=6.0
2026-04-04 13:10:56,576 - INFO -   Ep  20 | loss=3.2498 SR=22.15 (95.9%) E=0.1135uJ (42.1%) avg_bits_w=5.0
2026-04-04 13:13:14,431 - INFO -   Ep  21 | loss=3.2492 SR=22.11 (95.8%) E=0.1135uJ (42.1%) avg_bits_w=5.0
2026-04-04 13:31:34,492 - INFO -   Ep  29 | loss=1.8663 SR=21.53 (93.2%) E=0.0755uJ (28.0%) avg_bits_w=4.0
2026-04-04 13:58:59,601 - INFO -   Ep  41 | loss=0.7862 SR=20.84 (90.3%) E=0.0455uJ (16.9%) avg_bits_w=3.1
2026-04-04 14:01:17,432 - INFO -   Ep  42 | loss=0.7547 SR=20.83 (90.2%) E=0.0447uJ (16.6%) avg_bits_w=3.0
2026-04-04 14:42:28,441 - INFO -   Ep  60 | loss=0.4868 SR=19.67 (85.2%) E=0.0361uJ (13.4%) avg_bits_w=2.6
2026-04-04 14:44:45,679 - INFO -   Ep  61 | loss=-0.0155 SR=19.63 (85.0%) E=0.0225uJ (8.3%) avg_bits_w=2.1
2026-04-04 14:47:03,020 - INFO -   Ep  62 | loss=-0.0194 SR=19.59 (84.8%) E=0.0224uJ (8.3%) avg_bits_w=2.1
2026-04-04 15:03:02,375 - INFO -   Ep  69 | loss=-0.0375 SR=19.57 (84.7%) E=0.0218uJ (8.1%) avg_bits_w=2.0
2026-04-04 15:07:36,658 - INFO -   Ep  71 | loss=-0.0387 SR=19.55 (84.7%) E=0.0218uJ (8.1%) avg_bits_w=2.0
2026-04-04 15:12:11,645 - INFO -   Ep  73 | loss=-0.0433 SR=19.45 (84.2%) E=0.0215uJ (8.0%) avg_bits_w=2.0
2026-04-04 15:14:29,295 - INFO -   Ep  74 | loss=-0.0434 SR=19.45 (84.2%) E=0.0215uJ (8.0%) avg_bits_w=2.0
2026-04-04 15:16:46,807 - INFO -   Ep  75 | loss=-0.0467 SR=19.53 (84.6%) E=0.0215uJ (8.0%) avg_bits_w=2.0
2026-04-04 16:07:12,697 - INFO -   Ep  97 | loss=-0.0480 SR=19.44 (84.2%) E=0.0214uJ (7.9%) avg_bits_w=2.0
2026-04-04 16:23:13,530 - INFO -   Ep 104 | loss=-0.0481 SR=19.45 (84.2%) E=0.0214uJ (7.9%) avg_bits_w=2.0
2026-04-04 16:34:40,348 - INFO -   Ep 109 | loss=-0.0492 SR=19.47 (84.3%) E=0.0214uJ (7.9%) avg_bits_w=2.0
2026-04-04 16:36:57,769 - INFO -   Ep 110 | loss=-0.0493 SR=19.47 (84.3%) E=0.0214uJ (7.9%) avg_bits_w=2.0
2026-04-04 16:39:15,433 - INFO -   Ep 111 | loss=-0.0499 SR=19.48 (84.4%) E=0.0214uJ (7.9%) avg_bits_w=2.0
2026-04-04 16:41:32,892 - INFO -   Ep 112 | loss=-0.0502 SR=19.49 (84.4%) E=0.0214uJ (7.9%) avg_bits_w=2.0
2026-04-04 16:50:43,152 - INFO -   Ep 116 | loss=-0.0518 SR=19.53 (84.6%) E=0.0214uJ (7.9%) avg_bits_w=2.0
2026-04-04 16:53:00,804 - INFO -   Ep 117 | loss=-0.0539 SR=19.58 (84.8%) E=0.0214uJ (7.9%) avg_bits_w=2.0
2026-04-04 16:57:35,683 - INFO -   Ep 119 | loss=-0.0551 SR=19.61 (84.9%) E=0.0214uJ (7.9%) avg_bits_w=2.0
2026-04-04 16:59:53,752 - INFO -   λ=10.0 done — SR=19.61 (84.9%), E=0.0214uJ (7.9%)
2026-04-04 16:59:53,752 - INFO -  λ = 20.0
2026-04-04 16:59:53,769 - INFO -   Poids FP32 charges
2026-04-04 17:02:12,323 - INFO -   Ep   1 | loss=19.0282 SR=22.44 (97.2%) E=0.2697uJ (100.0%) avg_bits_w=8.0
2026-04-04 17:04:29,984 - INFO -   Ep   2 | loss=19.0274 SR=22.46 (97.3%) E=0.2697uJ (100.0%) avg_bits_w=8.0
2026-04-04 17:06:47,705 - INFO -   Ep   3 | loss=19.0248 SR=22.52 (97.5%) E=0.2697uJ (100.0%) avg_bits_w=8.0
2026-04-04 17:09:05,357 - INFO -   Ep   4 | loss=19.0239 SR=22.54 (97.6%) E=0.2697uJ (100.0%) avg_bits_w=8.0
2026-04-04 17:11:22,913 - INFO -   Ep   5 | loss=19.0231 SR=22.56 (97.7%) E=0.2697uJ (100.0%) avg_bits_w=8.0
2026-04-04 17:13:39,973 - INFO -   Ep   6 | loss=19.0217 SR=22.59 (97.8%) E=0.2697uJ (100.0%) avg_bits_w=8.0
2026-04-04 17:15:57,477 - INFO -   Ep   7 | loss=14.6559 SR=22.48 (97.4%) E=0.2108uJ (78.1%) avg_bits_w=7.0
2026-04-04 17:22:48,701 - INFO -   Ep  10 | loss=14.6556 SR=22.49 (97.4%) E=0.2108uJ (78.1%) avg_bits_w=7.0
2026-04-04 17:25:06,236 - INFO -   Ep  11 | loss=14.6553 SR=22.50 (97.4%) E=0.2108uJ (78.1%) avg_bits_w=7.0
2026-04-04 17:27:23,743 - INFO -   Ep  12 | loss=14.6545 SR=22.51 (97.5%) E=0.2108uJ (78.1%) avg_bits_w=7.0
2026-04-04 17:29:41,339 - INFO -   Ep  13 | loss=10.7934 SR=22.42 (97.1%) E=0.1586uJ (58.8%) avg_bits_w=6.0
2026-04-04 17:45:40,953 - INFO -   Ep  20 | loss=7.4599 SR=22.02 (95.4%) E=0.1135uJ (42.1%) avg_bits_w=5.0
2026-04-04 17:59:25,939 - INFO -   Ep  26 | loss=4.7453 SR=21.37 (92.5%) E=0.0765uJ (28.4%) avg_bits_w=4.1
2026-04-04 18:01:43,050 - INFO -   Ep  27 | loss=4.6692 SR=21.34 (92.4%) E=0.0754uJ (28.0%) avg_bits_w=4.0
2026-04-04 18:04:00,386 - INFO -   Ep  28 | loss=4.6672 SR=21.29 (92.2%) E=0.0754uJ (27.9%) avg_bits_w=4.0
2026-04-04 18:17:44,596 - INFO -   Ep  34 | loss=2.4357 SR=20.27 (87.8%) E=0.0447uJ (16.6%) avg_bits_w=3.0
2026-04-04 18:20:02,169 - INFO -   Ep  35 | loss=2.4327 SR=20.25 (87.7%) E=0.0446uJ (16.5%) avg_bits_w=3.0
2026-04-04 18:36:04,388 - INFO -   Ep  42 | loss=0.8288 SR=19.22 (83.3%) E=0.0224uJ (8.3%) avg_bits_w=2.1
2026-04-04 18:38:22,017 - INFO -   Ep  43 | loss=0.7804 SR=19.04 (82.5%) E=0.0216uJ (8.0%) avg_bits_w=2.0
2026-04-04 18:40:39,787 - INFO -   Ep  44 | loss=0.7673 SR=19.02 (82.4%) E=0.0215uJ (8.0%) avg_bits_w=2.0
2026-04-04 19:08:05,350 - INFO -   Ep  56 | loss=0.4709 SR=17.91 (77.6%) E=0.0168uJ (6.2%) avg_bits_w=1.7
2026-04-04 19:10:23,108 - INFO -   Ep  57 | loss=-0.0918 SR=17.90 (77.5%) E=0.0092uJ (3.4%) avg_bits_w=1.2
2026-04-04 19:12:40,938 - INFO -   Ep  58 | loss=-0.1891 SR=17.85 (77.3%) E=0.0079uJ (2.9%) avg_bits_w=1.1
2026-04-04 19:56:07,834 - INFO -   Ep  77 | loss=-0.2100 SR=17.70 (76.6%) E=0.0075uJ (2.8%) avg_bits_w=1.0
2026-04-04 20:07:35,431 - INFO -   Ep  82 | loss=-0.2108 SR=17.78 (77.0%) E=0.0075uJ (2.8%) avg_bits_w=1.0
2026-04-04 20:09:53,350 - INFO -   Ep  83 | loss=-0.2140 SR=17.79 (77.0%) E=0.0075uJ (2.8%) avg_bits_w=1.0
2026-04-04 20:53:24,325 - INFO -   Ep 102 | loss=-0.2169 SR=17.92 (77.6%) E=0.0075uJ (2.8%) avg_bits_w=1.0
2026-04-04 21:33:47,689 - INFO -   Ep 120 | loss=-0.2221 SR=18.04 (78.2%) E=0.0075uJ (2.8%) avg_bits_w=1.0
2026-04-04 21:33:48,736 - INFO -   λ=20.0 done — SR=18.04 (78.2%), E=0.0075uJ (2.8%)
2026-04-04 21:33:49,765 - INFO -  Pipeline termine — /export/tmp/sala/results_fpga/FPGA_tiny_fpga_stecath
