2026-04-03 22:01:03,627 - INFO - run_name   = FPGA_tiny_fpga_stecath_20260403_220103
2026-04-03 22:01:03,627 - INFO - run_dir    = /users/sala/Documents/ELE6310/ELE6310E/Pipeline/results_fpga/FPGA_tiny_fpga_stecath_20260403_220103
2026-04-03 22:01:03,627 - INFO - lambdas    = [1.0, 5.0, 20.0]
2026-04-03 22:01:03,627 - INFO - output_dir = None
2026-04-03 22:01:03,629 - INFO - run_name   = FPGA_tiny_fpga_stecath_20260403_220103
2026-04-03 22:01:03,629 - INFO - run_dir    = /users/sala/Documents/ELE6310/ELE6310E/Pipeline/results_fpga/FPGA_tiny_fpga_stecath_20260403_220103
2026-04-03 22:01:03,629 - INFO - lambdas    = [1.0, 5.0, 20.0]
2026-04-03 22:01:03,629 - INFO - output_dir = None
2026-04-03 22:01:27,171 - INFO - 
======================================================================
2026-04-03 22:01:27,172 - INFO -  PHASE 1 — FP32 Pretraining
2026-04-03 22:01:27,172 - INFO - ======================================================================
2026-04-03 22:01:27,512 - INFO - Modele : tiny_fpga — 348,096 parametres
2026-04-03 22:01:28,553 - INFO - 
======================================================================
2026-04-03 22:01:28,553 - INFO -  PHASE 1 — FP32 Pretraining
2026-04-03 22:01:28,553 - INFO - ======================================================================
2026-04-03 22:01:28,870 - INFO - Modele : tiny_fpga — 348,096 parametres
2026-04-03 22:05:05,145 - INFO -   Ep  10/100 | SR=20.5132 (best=20.5132) | LR=9.76e-04
2026-04-03 22:05:11,145 - INFO -   Ep  10/100 | SR=20.8738 (best=20.8738) | LR=9.76e-04
