2026-04-05 15:31:37,493 - INFO - run_name   = FPGA_medium_fpga_8bit_stecath
2026-04-05 15:31:37,493 - INFO - run_dir    = /export/tmp/sala/results_fpga/FPGA_medium_fpga_8bit_stecath
2026-04-05 15:31:37,493 - INFO - lambdas    = [0.0]
2026-04-05 15:31:37,494 - INFO - output_dir = /export/tmp/sala/results_fpga
2026-04-05 15:32:02,573 - INFO - 
======================================================================
2026-04-05 15:32:02,573 - INFO -  PHASE 1 — FP32 Pretraining
2026-04-05 15:32:02,573 - INFO - ======================================================================
2026-04-05 15:32:02,852 - INFO - Modele : medium_fpga — 1,827,392 parametres
2026-04-05 15:32:03,930 - INFO - Phase 1 terminee — SR=0.0000, E_8bit=1.4084uJ (14 couches)
2026-04-05 15:32:03,930 - INFO - Baseline — SR=0.0000, E_8bit=1.4084uJ
2026-04-05 15:32:03,930 - INFO - 
======================================================================
2026-04-05 15:32:03,931 - INFO -  PHASE 2 — Quantization sweep  λ=[0.0]
2026-04-05 15:32:03,931 - INFO - ======================================================================
2026-04-05 15:32:03,932 - INFO -  λ = 0.0
2026-04-05 15:34:00,401 - INFO - run_name   = FPGA_medium_fpga_8bit_stecath
2026-04-05 15:34:00,401 - INFO - run_dir    = /export/tmp/sala/results_fpga/FPGA_medium_fpga_8bit_stecath
2026-04-05 15:34:00,401 - INFO - lambdas    = [0.0]
2026-04-05 15:34:00,401 - INFO - output_dir = /export/tmp/sala/results_fpga
2026-04-05 15:34:25,425 - INFO - 
======================================================================
2026-04-05 15:34:25,425 - INFO -  PHASE 1 — FP32 Pretraining
2026-04-05 15:34:25,425 - INFO - ======================================================================
2026-04-05 15:34:25,702 - INFO - Modele : medium_fpga — 1,827,392 parametres
2026-04-05 15:34:26,757 - INFO - Phase 1 terminee — SR=0.0000, E_8bit=1.4084uJ (14 couches)
2026-04-05 15:34:26,758 - INFO - Baseline — SR=0.0000, E_8bit=1.4084uJ
2026-04-05 15:34:26,758 - INFO - 
======================================================================
2026-04-05 15:34:26,758 - INFO -  PHASE 2 — Quantization sweep  λ=[0.0]
2026-04-05 15:34:26,759 - INFO - ======================================================================
2026-04-05 15:34:26,759 - INFO -  λ = 0.0
